sort by leakage candidate_cell_info->name list: A2O1A1Ixp33_ASAP7_75t_R/0.087480 
LIB CELL TABLE 1 #SIZE = 1 #VT = 1
SIZE/VT 0/0 : A2O1A1Ixp33_ASAP7_75t_R
sort by leakage candidate_cell_info->name list: A2O1A1O1Ixp25_ASAP7_75t_R/0.131220 
LIB CELL TABLE 2 #SIZE = 1 #VT = 1
SIZE/VT 0/0 : A2O1A1O1Ixp25_ASAP7_75t_R
sort by leakage candidate_cell_info->name list: AND2x2_ASAP7_75t_R/0.087480 AND2x4_ASAP7_75t_R/0.145800 AND2x6_ASAP7_75t_R/0.174960 
LIB CELL TABLE 3 #SIZE = 3 #VT = 1
SIZE/VT 0/0 : AND2x2_ASAP7_75t_R
SIZE/VT 1/0 : AND2x4_ASAP7_75t_R
SIZE/VT 2/0 : AND2x6_ASAP7_75t_R
sort by leakage candidate_cell_info->name list: AND3x1_ASAP7_75t_R/0.087480 AND3x2_ASAP7_75t_R/0.102060 AND3x4_ASAP7_75t_R/0.204120 
LIB CELL TABLE 4 #SIZE = 3 #VT = 1
SIZE/VT 0/0 : AND3x1_ASAP7_75t_R
SIZE/VT 1/0 : AND3x2_ASAP7_75t_R
SIZE/VT 2/0 : AND3x4_ASAP7_75t_R
sort by leakage candidate_cell_info->name list: AND4x2_ASAP7_75t_R/0.116640 AND4x1_ASAP7_75t_R/0.102060 
LIB CELL TABLE 5 #SIZE = 2 #VT = 1
SIZE/VT 0/0 : AND4x2_ASAP7_75t_R
SIZE/VT 1/0 : AND4x1_ASAP7_75t_R
sort by leakage candidate_cell_info->name list: AND5x1_ASAP7_75t_R/0.116640 AND5x2_ASAP7_75t_R/0.291600 
LIB CELL TABLE 6 #SIZE = 2 #VT = 1
SIZE/VT 0/0 : AND5x1_ASAP7_75t_R
SIZE/VT 1/0 : AND5x2_ASAP7_75t_R
sort by leakage candidate_cell_info->name list: AO211x2_ASAP7_75t_R/0.233280 
LIB CELL TABLE 7 #SIZE = 1 #VT = 1
SIZE/VT 0/0 : AO211x2_ASAP7_75t_R
sort by leakage candidate_cell_info->name list: AO21x1_ASAP7_75t_R/0.087480 AO21x2_ASAP7_75t_R/0.102060 
LIB CELL TABLE 8 #SIZE = 2 #VT = 1
SIZE/VT 0/0 : AO21x1_ASAP7_75t_R
SIZE/VT 1/0 : AO21x2_ASAP7_75t_R
sort by leakage candidate_cell_info->name list: AO221x2_ASAP7_75t_R/0.160380 AO221x1_ASAP7_75t_R/0.145800 
LIB CELL TABLE 9 #SIZE = 2 #VT = 1
SIZE/VT 0/0 : AO221x2_ASAP7_75t_R
SIZE/VT 1/0 : AO221x1_ASAP7_75t_R
sort by leakage candidate_cell_info->name list: AO222x2_ASAP7_75t_R/0.174960 
LIB CELL TABLE 10 #SIZE = 1 #VT = 1
SIZE/VT 0/0 : AO222x2_ASAP7_75t_R
sort by leakage candidate_cell_info->name list: AO22x1_ASAP7_75t_R/0.131220 AO22x2_ASAP7_75t_R/0.145800 
LIB CELL TABLE 11 #SIZE = 2 #VT = 1
SIZE/VT 0/0 : AO22x1_ASAP7_75t_R
SIZE/VT 1/0 : AO22x2_ASAP7_75t_R
sort by leakage candidate_cell_info->name list: AO31x2_ASAP7_75t_R/0.233280 
LIB CELL TABLE 12 #SIZE = 1 #VT = 1
SIZE/VT 0/0 : AO31x2_ASAP7_75t_R
sort by leakage candidate_cell_info->name list: AO322x2_ASAP7_75t_R/0.218700 
LIB CELL TABLE 13 #SIZE = 1 #VT = 1
SIZE/VT 0/0 : AO322x2_ASAP7_75t_R
sort by leakage candidate_cell_info->name list: AO32x1_ASAP7_75t_R/0.116640 AO32x2_ASAP7_75t_R/0.131220 
LIB CELL TABLE 14 #SIZE = 2 #VT = 1
SIZE/VT 0/0 : AO32x1_ASAP7_75t_R
SIZE/VT 1/0 : AO32x2_ASAP7_75t_R
sort by leakage candidate_cell_info->name list: AO331x2_ASAP7_75t_R/0.160380 AO331x1_ASAP7_75t_R/0.145800 
LIB CELL TABLE 15 #SIZE = 2 #VT = 1
SIZE/VT 0/0 : AO331x2_ASAP7_75t_R
SIZE/VT 1/0 : AO331x1_ASAP7_75t_R
sort by leakage candidate_cell_info->name list: AO332x2_ASAP7_75t_R/0.174960 AO332x1_ASAP7_75t_R/0.160380 
LIB CELL TABLE 16 #SIZE = 2 #VT = 1
SIZE/VT 0/0 : AO332x2_ASAP7_75t_R
SIZE/VT 1/0 : AO332x1_ASAP7_75t_R
sort by leakage candidate_cell_info->name list: AO333x1_ASAP7_75t_R/0.174960 AO333x2_ASAP7_75t_R/0.189540 
LIB CELL TABLE 17 #SIZE = 2 #VT = 1
SIZE/VT 0/0 : AO333x1_ASAP7_75t_R
SIZE/VT 1/0 : AO333x2_ASAP7_75t_R
sort by leakage candidate_cell_info->name list: AO33x2_ASAP7_75t_R/0.145800 
LIB CELL TABLE 18 #SIZE = 1 #VT = 1
SIZE/VT 0/0 : AO33x2_ASAP7_75t_R
sort by leakage candidate_cell_info->name list: AOI211xp5_ASAP7_75t_R/0.087480 AOI211x1_ASAP7_75t_R/0.174960 
LIB CELL TABLE 19 #SIZE = 2 #VT = 1
SIZE/VT 0/0 : AOI211xp5_ASAP7_75t_R
SIZE/VT 1/0 : AOI211x1_ASAP7_75t_R
sort by leakage candidate_cell_info->name list: AOI21xp33_ASAP7_75t_R/0.072900 AOI21xp5_ASAP7_75t_R/0.072900 AOI21x1_ASAP7_75t_R/0.116640 
LIB CELL TABLE 20 #SIZE = 3 #VT = 1
SIZE/VT 0/0 : AOI21xp33_ASAP7_75t_R
SIZE/VT 1/0 : AOI21xp5_ASAP7_75t_R
SIZE/VT 2/0 : AOI21x1_ASAP7_75t_R
sort by leakage candidate_cell_info->name list: AOI221xp5_ASAP7_75t_R/0.102060 AOI221x1_ASAP7_75t_R/0.204120 
LIB CELL TABLE 21 #SIZE = 2 #VT = 1
SIZE/VT 0/0 : AOI221xp5_ASAP7_75t_R
SIZE/VT 1/0 : AOI221x1_ASAP7_75t_R
sort by leakage candidate_cell_info->name list: AOI222xp33_ASAP7_75t_R/0.145800 
LIB CELL TABLE 22 #SIZE = 1 #VT = 1
SIZE/VT 0/0 : AOI222xp33_ASAP7_75t_R
sort by leakage candidate_cell_info->name list: AOI22xp33_ASAP7_75t_R/0.087480 AOI22xp5_ASAP7_75t_R/0.087480 AOI22x1_ASAP7_75t_R/0.145800 
LIB CELL TABLE 23 #SIZE = 3 #VT = 1
SIZE/VT 0/0 : AOI22xp33_ASAP7_75t_R
SIZE/VT 1/0 : AOI22xp5_ASAP7_75t_R
SIZE/VT 2/0 : AOI22x1_ASAP7_75t_R
sort by leakage candidate_cell_info->name list: AOI311xp33_ASAP7_75t_R/0.102060 
LIB CELL TABLE 24 #SIZE = 1 #VT = 1
SIZE/VT 0/0 : AOI311xp33_ASAP7_75t_R
sort by leakage candidate_cell_info->name list: AOI31xp33_ASAP7_75t_R/0.087480 AOI31xp67_ASAP7_75t_R/0.189540 
LIB CELL TABLE 25 #SIZE = 2 #VT = 1
SIZE/VT 0/0 : AOI31xp33_ASAP7_75t_R
SIZE/VT 1/0 : AOI31xp67_ASAP7_75t_R
sort by leakage candidate_cell_info->name list: AOI321xp33_ASAP7_75t_R/0.116640 
LIB CELL TABLE 26 #SIZE = 1 #VT = 1
SIZE/VT 0/0 : AOI321xp33_ASAP7_75t_R
sort by leakage candidate_cell_info->name list: AOI322xp5_ASAP7_75t_R/0.131220 
LIB CELL TABLE 27 #SIZE = 1 #VT = 1
SIZE/VT 0/0 : AOI322xp5_ASAP7_75t_R
sort by leakage candidate_cell_info->name list: AOI32xp33_ASAP7_75t_R/0.102060 
LIB CELL TABLE 28 #SIZE = 1 #VT = 1
SIZE/VT 0/0 : AOI32xp33_ASAP7_75t_R
sort by leakage candidate_cell_info->name list: AOI331xp33_ASAP7_75t_R/0.131220 
LIB CELL TABLE 29 #SIZE = 1 #VT = 1
SIZE/VT 0/0 : AOI331xp33_ASAP7_75t_R
sort by leakage candidate_cell_info->name list: AOI332xp33_ASAP7_75t_R/0.145800 
LIB CELL TABLE 30 #SIZE = 1 #VT = 1
SIZE/VT 0/0 : AOI332xp33_ASAP7_75t_R
sort by leakage candidate_cell_info->name list: AOI333xp33_ASAP7_75t_R/0.160380 
LIB CELL TABLE 31 #SIZE = 1 #VT = 1
SIZE/VT 0/0 : AOI333xp33_ASAP7_75t_R
sort by leakage candidate_cell_info->name list: AOI33xp33_ASAP7_75t_R/0.116640 
LIB CELL TABLE 32 #SIZE = 1 #VT = 1
SIZE/VT 0/0 : AOI33xp33_ASAP7_75t_R
sort by leakage candidate_cell_info->name list: DFFHQNx1_ASAP7_75t_R/0.291600 DFFHQNx2_ASAP7_75t_R/0.306180 DFFLQNx1_ASAP7_75t_R/0.291600 DFFLQNx2_ASAP7_75t_R/0.306180 DFFLQNx3_ASAP7_75t_R/0.320760 DFFHQNx3_ASAP7_75t_R/0.320760 SDFHx2_ASAP7_75t_R/0.379080 SDFHx3_ASAP7_75t_R/0.393660 SDFHx1_ASAP7_75t_R/0.364500 ASYNC_DFFHx1_ASAP7_75t_R/0.379080 SDFLx1_ASAP7_75t_R/0.364500 SDFLx3_ASAP7_75t_R/0.393660 SDFLx2_ASAP7_75t_R/0.379080 SDFHx4_ASAP7_75t_R/0.451980 SDFLx4_ASAP7_75t_R/0.451980 
LIB CELL TABLE 33 #SIZE = 15 #VT = 1
SIZE/VT 0/0 : DFFHQNx1_ASAP7_75t_R
SIZE/VT 1/0 : DFFHQNx2_ASAP7_75t_R
SIZE/VT 2/0 : DFFLQNx1_ASAP7_75t_R
SIZE/VT 3/0 : DFFLQNx2_ASAP7_75t_R
SIZE/VT 4/0 : DFFLQNx3_ASAP7_75t_R
SIZE/VT 5/0 : DFFHQNx3_ASAP7_75t_R
SIZE/VT 6/0 : SDFHx2_ASAP7_75t_R
SIZE/VT 7/0 : SDFHx3_ASAP7_75t_R
SIZE/VT 8/0 : SDFHx1_ASAP7_75t_R
SIZE/VT 9/0 : ASYNC_DFFHx1_ASAP7_75t_R
SIZE/VT 10/0 : SDFLx1_ASAP7_75t_R
SIZE/VT 11/0 : SDFLx3_ASAP7_75t_R
SIZE/VT 12/0 : SDFLx2_ASAP7_75t_R
SIZE/VT 13/0 : SDFHx4_ASAP7_75t_R
SIZE/VT 14/0 : SDFLx4_ASAP7_75t_R
sort by leakage candidate_cell_info->name list: HB1xp67_ASAP7_75t_R/0.058320 HB2xp67_ASAP7_75t_R/0.072900 BUFx2_ASAP7_75t_R/0.072900 BUFx4_ASAP7_75t_R/0.102060 HB3xp67_ASAP7_75t_R/0.087480 BUFx3_ASAP7_75t_R/0.087480 BUFx5_ASAP7_75t_R/0.116640 HB4xp67_ASAP7_75t_R/0.102060 BUFx8_ASAP7_75t_R/0.174960 BUFx4f_ASAP7_75t_R/0.116640 BUFx6f_ASAP7_75t_R/0.145800 BUFx10_ASAP7_75t_R/0.204120 BUFx12_ASAP7_75t_R/0.233280 BUFx16f_ASAP7_75t_R/0.320760 BUFx12f_ASAP7_75t_R/0.262440 BUFx24_ASAP7_75t_R/0.437400 
LIB CELL TABLE 34 #SIZE = 16 #VT = 1
SIZE/VT 0/0 : HB1xp67_ASAP7_75t_R
SIZE/VT 1/0 : HB2xp67_ASAP7_75t_R
SIZE/VT 2/0 : BUFx2_ASAP7_75t_R
SIZE/VT 3/0 : BUFx4_ASAP7_75t_R
SIZE/VT 4/0 : HB3xp67_ASAP7_75t_R
SIZE/VT 5/0 : BUFx3_ASAP7_75t_R
SIZE/VT 6/0 : BUFx5_ASAP7_75t_R
SIZE/VT 7/0 : HB4xp67_ASAP7_75t_R
SIZE/VT 8/0 : BUFx8_ASAP7_75t_R
SIZE/VT 9/0 : BUFx4f_ASAP7_75t_R
SIZE/VT 10/0 : BUFx6f_ASAP7_75t_R
SIZE/VT 11/0 : BUFx10_ASAP7_75t_R
SIZE/VT 12/0 : BUFx12_ASAP7_75t_R
SIZE/VT 13/0 : BUFx16f_ASAP7_75t_R
SIZE/VT 14/0 : BUFx12f_ASAP7_75t_R
SIZE/VT 15/0 : BUFx24_ASAP7_75t_R
sort by leakage candidate_cell_info->name list: INVxp33_ASAP7_75t_R/0.043740 INVxp67_ASAP7_75t_R/0.043740 INVx1_ASAP7_75t_R/0.043740 INVx2_ASAP7_75t_R/0.058320 INVx3_ASAP7_75t_R/0.072900 INVx4_ASAP7_75t_R/0.087480 INVx5_ASAP7_75t_R/0.102060 INVx6_ASAP7_75t_R/0.116640 CKINVDCx5p33_ASAP7_75t_R/0.340828 CKINVDCx6p67_ASAP7_75t_R/0.365570 INVx8_ASAP7_75t_R/0.145800 CKINVDCx8_ASAP7_75t_R/0.340828 CKINVDCx10_ASAP7_75t_R/0.365570 CKINVDCx9p33_ASAP7_75t_R/0.425618 INVx11_ASAP7_75t_R/0.189540 CKINVDCx11_ASAP7_75t_R/0.400876 CKINVDCx12_ASAP7_75t_R/0.400876 INVx13_ASAP7_75t_R/0.218700 CKINVDCx14_ASAP7_75t_R/0.425618 CKINVDCx16_ASAP7_75t_R/0.450360 CKINVDCx20_ASAP7_75t_R/0.570456 
LIB CELL TABLE 35 #SIZE = 21 #VT = 1
SIZE/VT 0/0 : INVxp33_ASAP7_75t_R
SIZE/VT 1/0 : INVxp67_ASAP7_75t_R
SIZE/VT 2/0 : INVx1_ASAP7_75t_R
SIZE/VT 3/0 : INVx2_ASAP7_75t_R
SIZE/VT 4/0 : INVx3_ASAP7_75t_R
SIZE/VT 5/0 : INVx4_ASAP7_75t_R
SIZE/VT 6/0 : INVx5_ASAP7_75t_R
SIZE/VT 7/0 : INVx6_ASAP7_75t_R
SIZE/VT 8/0 : CKINVDCx5p33_ASAP7_75t_R
SIZE/VT 9/0 : CKINVDCx6p67_ASAP7_75t_R
SIZE/VT 10/0 : INVx8_ASAP7_75t_R
SIZE/VT 11/0 : CKINVDCx8_ASAP7_75t_R
SIZE/VT 12/0 : CKINVDCx10_ASAP7_75t_R
SIZE/VT 13/0 : CKINVDCx9p33_ASAP7_75t_R
SIZE/VT 14/0 : INVx11_ASAP7_75t_R
SIZE/VT 15/0 : CKINVDCx11_ASAP7_75t_R
SIZE/VT 16/0 : CKINVDCx12_ASAP7_75t_R
SIZE/VT 17/0 : INVx13_ASAP7_75t_R
SIZE/VT 18/0 : CKINVDCx14_ASAP7_75t_R
SIZE/VT 19/0 : CKINVDCx16_ASAP7_75t_R
SIZE/VT 20/0 : CKINVDCx20_ASAP7_75t_R
sort by leakage candidate_cell_info->name list: DHLx1_ASAP7_75t_R/0.218700 DHLx2_ASAP7_75t_R/0.233280 DHLx3_ASAP7_75t_R/0.247860 DFFHQx4_ASAP7_75t_R/0.364500 DFFLQx4_ASAP7_75t_R/0.364500 DLLx3_ASAP7_75t_R/0.247860 DLLx2_ASAP7_75t_R/0.233280 DLLx1_ASAP7_75t_R/0.218700 
LIB CELL TABLE 36 #SIZE = 8 #VT = 1
SIZE/VT 0/0 : DHLx1_ASAP7_75t_R
SIZE/VT 1/0 : DHLx2_ASAP7_75t_R
SIZE/VT 2/0 : DHLx3_ASAP7_75t_R
SIZE/VT 3/0 : DFFHQx4_ASAP7_75t_R
SIZE/VT 4/0 : DFFLQx4_ASAP7_75t_R
SIZE/VT 5/0 : DLLx3_ASAP7_75t_R
SIZE/VT 6/0 : DLLx2_ASAP7_75t_R
SIZE/VT 7/0 : DLLx1_ASAP7_75t_R
sort by leakage candidate_cell_info->name list: FAx1_ASAP7_75t_R/0.204120 
LIB CELL TABLE 37 #SIZE = 1 #VT = 1
SIZE/VT 0/0 : FAx1_ASAP7_75t_R
sort by leakage candidate_cell_info->name list: HAxp5_ASAP7_75t_R/0.131220 
LIB CELL TABLE 38 #SIZE = 1 #VT = 1
SIZE/VT 0/0 : HAxp5_ASAP7_75t_R
sort by leakage candidate_cell_info->name list: MAJIxp5_ASAP7_75t_R/0.102060 
LIB CELL TABLE 39 #SIZE = 1 #VT = 1
SIZE/VT 0/0 : MAJIxp5_ASAP7_75t_R
sort by leakage candidate_cell_info->name list: MAJx2_ASAP7_75t_R/0.131220 MAJx3_ASAP7_75t_R/0.145800 
LIB CELL TABLE 40 #SIZE = 2 #VT = 1
SIZE/VT 0/0 : MAJx2_ASAP7_75t_R
SIZE/VT 1/0 : MAJx3_ASAP7_75t_R
sort by leakage candidate_cell_info->name list: NAND2xp33_ASAP7_75t_R/0.058320 NAND2xp5_ASAP7_75t_R/0.058320 NAND2xp67_ASAP7_75t_R/0.087480 NAND2x1_ASAP7_75t_R/0.087480 NAND2x1p5_ASAP7_75t_R/0.116640 NAND2x2_ASAP7_75t_R/0.145800 
LIB CELL TABLE 41 #SIZE = 6 #VT = 1
SIZE/VT 0/0 : NAND2xp33_ASAP7_75t_R
SIZE/VT 1/0 : NAND2xp5_ASAP7_75t_R
SIZE/VT 2/0 : NAND2xp67_ASAP7_75t_R
SIZE/VT 3/0 : NAND2x1_ASAP7_75t_R
SIZE/VT 4/0 : NAND2x1p5_ASAP7_75t_R
SIZE/VT 5/0 : NAND2x2_ASAP7_75t_R
sort by leakage candidate_cell_info->name list: NAND3xp33_ASAP7_75t_R/0.072900 NAND3x1_ASAP7_75t_R/0.160380 NAND3x2_ASAP7_75t_R/0.291600 
LIB CELL TABLE 42 #SIZE = 3 #VT = 1
SIZE/VT 0/0 : NAND3xp33_ASAP7_75t_R
SIZE/VT 1/0 : NAND3x1_ASAP7_75t_R
SIZE/VT 2/0 : NAND3x2_ASAP7_75t_R
sort by leakage candidate_cell_info->name list: NAND4xp25_ASAP7_75t_R/0.087480 NAND4xp75_ASAP7_75t_R/0.204120 
LIB CELL TABLE 43 #SIZE = 2 #VT = 1
SIZE/VT 0/0 : NAND4xp25_ASAP7_75t_R
SIZE/VT 1/0 : NAND4xp75_ASAP7_75t_R
sort by leakage candidate_cell_info->name list: NAND5xp2_ASAP7_75t_R/0.102060 
LIB CELL TABLE 44 #SIZE = 1 #VT = 1
SIZE/VT 0/0 : NAND5xp2_ASAP7_75t_R
sort by leakage candidate_cell_info->name list: NOR2xp33_ASAP7_75t_R/0.058320 NOR2xp67_ASAP7_75t_R/0.087480 NOR2x1_ASAP7_75t_R/0.087480 NOR2x1p5_ASAP7_75t_R/0.116640 NOR2x2_ASAP7_75t_R/0.145800 
LIB CELL TABLE 45 #SIZE = 5 #VT = 1
SIZE/VT 0/0 : NOR2xp33_ASAP7_75t_R
SIZE/VT 1/0 : NOR2xp67_ASAP7_75t_R
SIZE/VT 2/0 : NOR2x1_ASAP7_75t_R
SIZE/VT 3/0 : NOR2x1p5_ASAP7_75t_R
SIZE/VT 4/0 : NOR2x2_ASAP7_75t_R
sort by leakage candidate_cell_info->name list: NOR3xp33_ASAP7_75t_R/0.072900 NOR3x1_ASAP7_75t_R/0.160380 NOR3x2_ASAP7_75t_R/0.291600 
LIB CELL TABLE 46 #SIZE = 3 #VT = 1
SIZE/VT 0/0 : NOR3xp33_ASAP7_75t_R
SIZE/VT 1/0 : NOR3x1_ASAP7_75t_R
SIZE/VT 2/0 : NOR3x2_ASAP7_75t_R
sort by leakage candidate_cell_info->name list: NOR4xp25_ASAP7_75t_R/0.087480 NOR4xp75_ASAP7_75t_R/0.204120 
LIB CELL TABLE 47 #SIZE = 2 #VT = 1
SIZE/VT 0/0 : NOR4xp25_ASAP7_75t_R
SIZE/VT 1/0 : NOR4xp75_ASAP7_75t_R
sort by leakage candidate_cell_info->name list: NOR5xp2_ASAP7_75t_R/0.102060 
LIB CELL TABLE 48 #SIZE = 1 #VT = 1
SIZE/VT 0/0 : NOR5xp2_ASAP7_75t_R
sort by leakage candidate_cell_info->name list: O2A1O1Ixp33_ASAP7_75t_R/0.087480 O2A1O1Ixp5_ASAP7_75t_R/0.116640 
LIB CELL TABLE 49 #SIZE = 2 #VT = 1
SIZE/VT 0/0 : O2A1O1Ixp33_ASAP7_75t_R
SIZE/VT 1/0 : O2A1O1Ixp5_ASAP7_75t_R
sort by leakage candidate_cell_info->name list: OA211x2_ASAP7_75t_R/0.116640 
LIB CELL TABLE 50 #SIZE = 1 #VT = 1
SIZE/VT 0/0 : OA211x2_ASAP7_75t_R
sort by leakage candidate_cell_info->name list: OA21x2_ASAP7_75t_R/0.102060 
LIB CELL TABLE 51 #SIZE = 1 #VT = 1
SIZE/VT 0/0 : OA21x2_ASAP7_75t_R
sort by leakage candidate_cell_info->name list: OA221x2_ASAP7_75t_R/0.233280 
LIB CELL TABLE 52 #SIZE = 1 #VT = 1
SIZE/VT 0/0 : OA221x2_ASAP7_75t_R
sort by leakage candidate_cell_info->name list: OA222x2_ASAP7_75t_R/0.174960 
LIB CELL TABLE 53 #SIZE = 1 #VT = 1
SIZE/VT 0/0 : OA222x2_ASAP7_75t_R
sort by leakage candidate_cell_info->name list: OA22x2_ASAP7_75t_R/0.145800 
LIB CELL TABLE 54 #SIZE = 1 #VT = 1
SIZE/VT 0/0 : OA22x2_ASAP7_75t_R
sort by leakage candidate_cell_info->name list: OA31x2_ASAP7_75t_R/0.218700 
LIB CELL TABLE 55 #SIZE = 1 #VT = 1
SIZE/VT 0/0 : OA31x2_ASAP7_75t_R
sort by leakage candidate_cell_info->name list: OA331x2_ASAP7_75t_R/0.160380 OA331x1_ASAP7_75t_R/0.145800 
LIB CELL TABLE 56 #SIZE = 2 #VT = 1
SIZE/VT 0/0 : OA331x2_ASAP7_75t_R
SIZE/VT 1/0 : OA331x1_ASAP7_75t_R
sort by leakage candidate_cell_info->name list: OA332x2_ASAP7_75t_R/0.174960 OA332x1_ASAP7_75t_R/0.160380 
LIB CELL TABLE 57 #SIZE = 2 #VT = 1
SIZE/VT 0/0 : OA332x2_ASAP7_75t_R
SIZE/VT 1/0 : OA332x1_ASAP7_75t_R
sort by leakage candidate_cell_info->name list: OA333x2_ASAP7_75t_R/0.189540 OA333x1_ASAP7_75t_R/0.174960 
LIB CELL TABLE 58 #SIZE = 2 #VT = 1
SIZE/VT 0/0 : OA333x2_ASAP7_75t_R
SIZE/VT 1/0 : OA333x1_ASAP7_75t_R
sort by leakage candidate_cell_info->name list: OA33x2_ASAP7_75t_R/0.145800 
LIB CELL TABLE 59 #SIZE = 1 #VT = 1
SIZE/VT 0/0 : OA33x2_ASAP7_75t_R
sort by leakage candidate_cell_info->name list: OAI211xp5_ASAP7_75t_R/0.087480 
LIB CELL TABLE 60 #SIZE = 1 #VT = 1
SIZE/VT 0/0 : OAI211xp5_ASAP7_75t_R
sort by leakage candidate_cell_info->name list: OAI21xp33_ASAP7_75t_R/0.072900 OAI21xp5_ASAP7_75t_R/0.072900 OAI21x1_ASAP7_75t_R/0.116640 
LIB CELL TABLE 61 #SIZE = 3 #VT = 1
SIZE/VT 0/0 : OAI21xp33_ASAP7_75t_R
SIZE/VT 1/0 : OAI21xp5_ASAP7_75t_R
SIZE/VT 2/0 : OAI21x1_ASAP7_75t_R
sort by leakage candidate_cell_info->name list: OAI221xp5_ASAP7_75t_R/0.102060 
LIB CELL TABLE 62 #SIZE = 1 #VT = 1
SIZE/VT 0/0 : OAI221xp5_ASAP7_75t_R
sort by leakage candidate_cell_info->name list: OAI222xp33_ASAP7_75t_R/0.145800 
LIB CELL TABLE 63 #SIZE = 1 #VT = 1
SIZE/VT 0/0 : OAI222xp33_ASAP7_75t_R
sort by leakage candidate_cell_info->name list: OAI22xp33_ASAP7_75t_R/0.087480 OAI22xp5_ASAP7_75t_R/0.087480 OAI22x1_ASAP7_75t_R/0.145800 
LIB CELL TABLE 64 #SIZE = 3 #VT = 1
SIZE/VT 0/0 : OAI22xp33_ASAP7_75t_R
SIZE/VT 1/0 : OAI22xp5_ASAP7_75t_R
SIZE/VT 2/0 : OAI22x1_ASAP7_75t_R
sort by leakage candidate_cell_info->name list: OAI311xp33_ASAP7_75t_R/0.102060 
LIB CELL TABLE 65 #SIZE = 1 #VT = 1
SIZE/VT 0/0 : OAI311xp33_ASAP7_75t_R
sort by leakage candidate_cell_info->name list: OAI31xp33_ASAP7_75t_R/0.087480 OAI31xp67_ASAP7_75t_R/0.189540 
LIB CELL TABLE 66 #SIZE = 2 #VT = 1
SIZE/VT 0/0 : OAI31xp33_ASAP7_75t_R
SIZE/VT 1/0 : OAI31xp67_ASAP7_75t_R
sort by leakage candidate_cell_info->name list: OAI321xp33_ASAP7_75t_R/0.116640 
LIB CELL TABLE 67 #SIZE = 1 #VT = 1
SIZE/VT 0/0 : OAI321xp33_ASAP7_75t_R
sort by leakage candidate_cell_info->name list: OAI322xp33_ASAP7_75t_R/0.131220 
LIB CELL TABLE 68 #SIZE = 1 #VT = 1
SIZE/VT 0/0 : OAI322xp33_ASAP7_75t_R
sort by leakage candidate_cell_info->name list: OAI32xp33_ASAP7_75t_R/0.102060 
LIB CELL TABLE 69 #SIZE = 1 #VT = 1
SIZE/VT 0/0 : OAI32xp33_ASAP7_75t_R
sort by leakage candidate_cell_info->name list: OAI331xp33_ASAP7_75t_R/0.131220 
LIB CELL TABLE 70 #SIZE = 1 #VT = 1
SIZE/VT 0/0 : OAI331xp33_ASAP7_75t_R
sort by leakage candidate_cell_info->name list: OAI332xp33_ASAP7_75t_R/0.145800 
LIB CELL TABLE 71 #SIZE = 1 #VT = 1
SIZE/VT 0/0 : OAI332xp33_ASAP7_75t_R
sort by leakage candidate_cell_info->name list: OAI333xp33_ASAP7_75t_R/0.160380 
LIB CELL TABLE 72 #SIZE = 1 #VT = 1
SIZE/VT 0/0 : OAI333xp33_ASAP7_75t_R
sort by leakage candidate_cell_info->name list: OAI33xp33_ASAP7_75t_R/0.116640 
LIB CELL TABLE 73 #SIZE = 1 #VT = 1
SIZE/VT 0/0 : OAI33xp33_ASAP7_75t_R
sort by leakage candidate_cell_info->name list: OR2x4_ASAP7_75t_R/0.116640 OR2x2_ASAP7_75t_R/0.087480 OR2x6_ASAP7_75t_R/0.174960 
LIB CELL TABLE 74 #SIZE = 3 #VT = 1
SIZE/VT 0/0 : OR2x4_ASAP7_75t_R
SIZE/VT 1/0 : OR2x2_ASAP7_75t_R
SIZE/VT 2/0 : OR2x6_ASAP7_75t_R
sort by leakage candidate_cell_info->name list: OR3x1_ASAP7_75t_R/0.087480 OR3x4_ASAP7_75t_R/0.131220 OR3x2_ASAP7_75t_R/0.102060 
LIB CELL TABLE 75 #SIZE = 3 #VT = 1
SIZE/VT 0/0 : OR3x1_ASAP7_75t_R
SIZE/VT 1/0 : OR3x4_ASAP7_75t_R
SIZE/VT 2/0 : OR3x2_ASAP7_75t_R
sort by leakage candidate_cell_info->name list: OR4x2_ASAP7_75t_R/0.116640 OR4x1_ASAP7_75t_R/0.102060 
LIB CELL TABLE 76 #SIZE = 2 #VT = 1
SIZE/VT 0/0 : OR4x2_ASAP7_75t_R
SIZE/VT 1/0 : OR4x1_ASAP7_75t_R
sort by leakage candidate_cell_info->name list: OR5x1_ASAP7_75t_R/0.116640 OR5x2_ASAP7_75t_R/0.131220 
LIB CELL TABLE 77 #SIZE = 2 #VT = 1
SIZE/VT 0/0 : OR5x1_ASAP7_75t_R
SIZE/VT 1/0 : OR5x2_ASAP7_75t_R
sort by leakage candidate_cell_info->name list: TIEHIx1_ASAP7_75t_R/0.043740 
LIB CELL TABLE 78 #SIZE = 1 #VT = 1
SIZE/VT 0/0 : TIEHIx1_ASAP7_75t_R
sort by leakage candidate_cell_info->name list: TIELOx1_ASAP7_75t_R/0.043740 
LIB CELL TABLE 79 #SIZE = 1 #VT = 1
SIZE/VT 0/0 : TIELOx1_ASAP7_75t_R
sort by leakage candidate_cell_info->name list: XNOR2x2_ASAP7_75t_R/0.160380 XNOR2xp5_ASAP7_75t_R/0.131220 XNOR2x1_ASAP7_75t_R/0.174960 
LIB CELL TABLE 80 #SIZE = 3 #VT = 1
SIZE/VT 0/0 : XNOR2x2_ASAP7_75t_R
SIZE/VT 1/0 : XNOR2xp5_ASAP7_75t_R
SIZE/VT 2/0 : XNOR2x1_ASAP7_75t_R
sort by leakage candidate_cell_info->name list: XOR2x2_ASAP7_75t_R/0.160380 XOR2xp5_ASAP7_75t_R/0.131220 XOR2x1_ASAP7_75t_R/0.174960 
LIB CELL TABLE 81 #SIZE = 3 #VT = 1
SIZE/VT 0/0 : XOR2x2_ASAP7_75t_R
SIZE/VT 1/0 : XOR2xp5_ASAP7_75t_R
SIZE/VT 2/0 : XOR2x1_ASAP7_75t_R
sort by leakage candidate_cell_info->name list: sram_asap7_16x256_1rw/137.594000 
LIB CELL TABLE 83 #SIZE = 1 #VT = 1
SIZE/VT 0/0 : sram_asap7_16x256_1rw
sort by leakage candidate_cell_info->name list: sram_asap7_32x256_1rw/275.188000 
LIB CELL TABLE 84 #SIZE = 1 #VT = 1
SIZE/VT 0/0 : sram_asap7_32x256_1rw
sort by leakage candidate_cell_info->name list: sram_asap7_64x256_1rw/550.377000 
LIB CELL TABLE 82 #SIZE = 1 #VT = 1
SIZE/VT 0/0 : sram_asap7_64x256_1rw
sort by leakage candidate_cell_info->name list: sram_asap7_64x64_1rw/137.594000 
LIB CELL TABLE 0 #SIZE = 1 #VT = 1
SIZE/VT 0/0 : sram_asap7_64x64_1rw