PO -- cmac_a2csb_resp_pd[0]
PO -- cmac_a2csb_resp_pd[10]
PO -- cmac_a2csb_resp_pd[11]
PO -- cmac_a2csb_resp_pd[12]
PO -- cmac_a2csb_resp_pd[13]
PO -- cmac_a2csb_resp_pd[14]
PO -- cmac_a2csb_resp_pd[15]
PO -- cmac_a2csb_resp_pd[16]
PO -- cmac_a2csb_resp_pd[17]
PO -- cmac_a2csb_resp_pd[18]
PO -- cmac_a2csb_resp_pd[19]
PO -- cmac_a2csb_resp_pd[1]
PO -- cmac_a2csb_resp_pd[20]
PO -- cmac_a2csb_resp_pd[21]
PO -- cmac_a2csb_resp_pd[22]
PO -- cmac_a2csb_resp_pd[23]
PO -- cmac_a2csb_resp_pd[24]
PO -- cmac_a2csb_resp_pd[25]
PO -- cmac_a2csb_resp_pd[26]
PO -- cmac_a2csb_resp_pd[27]
PO -- cmac_a2csb_resp_pd[28]
PO -- cmac_a2csb_resp_pd[29]
PO -- cmac_a2csb_resp_pd[2]
PO -- cmac_a2csb_resp_pd[30]
PO -- cmac_a2csb_resp_pd[31]
PO -- cmac_a2csb_resp_pd[32]
PO -- cmac_a2csb_resp_pd[33]
PO -- cmac_a2csb_resp_pd[3]
PO -- cmac_a2csb_resp_pd[4]
PO -- cmac_a2csb_resp_pd[5]
PO -- cmac_a2csb_resp_pd[6]
PO -- cmac_a2csb_resp_pd[7]
PO -- cmac_a2csb_resp_pd[8]
PO -- cmac_a2csb_resp_pd[9]
PO -- cmac_a2csb_resp_valid
PO -- csb2cmac_a_req_prdy
PO -- mac2accu_data0[0]
PO -- mac2accu_data0[10]
PO -- mac2accu_data0[11]
PO -- mac2accu_data0[12]
PO -- mac2accu_data0[13]
PO -- mac2accu_data0[14]
PO -- mac2accu_data0[15]
PO -- mac2accu_data0[16]
PO -- mac2accu_data0[17]
PO -- mac2accu_data0[18]
PO -- mac2accu_data0[1]
PO -- mac2accu_data0[2]
PO -- mac2accu_data0[3]
PO -- mac2accu_data0[4]
PO -- mac2accu_data0[5]
PO -- mac2accu_data0[6]
PO -- mac2accu_data0[7]
PO -- mac2accu_data0[8]
PO -- mac2accu_data0[9]
PO -- mac2accu_data1[0]
PO -- mac2accu_data1[10]
PO -- mac2accu_data1[11]
PO -- mac2accu_data1[12]
PO -- mac2accu_data1[13]
PO -- mac2accu_data1[14]
PO -- mac2accu_data1[15]
PO -- mac2accu_data1[16]
PO -- mac2accu_data1[17]
PO -- mac2accu_data1[18]
PO -- mac2accu_data1[1]
PO -- mac2accu_data1[2]
PO -- mac2accu_data1[3]
PO -- mac2accu_data1[4]
PO -- mac2accu_data1[5]
PO -- mac2accu_data1[6]
PO -- mac2accu_data1[7]
PO -- mac2accu_data1[8]
PO -- mac2accu_data1[9]
PO -- mac2accu_data2[0]
PO -- mac2accu_data2[10]
PO -- mac2accu_data2[11]
PO -- mac2accu_data2[12]
PO -- mac2accu_data2[13]
PO -- mac2accu_data2[14]
PO -- mac2accu_data2[15]
PO -- mac2accu_data2[16]
PO -- mac2accu_data2[17]
PO -- mac2accu_data2[18]
PO -- mac2accu_data2[1]
PO -- mac2accu_data2[2]
PO -- mac2accu_data2[3]
PO -- mac2accu_data2[4]
PO -- mac2accu_data2[5]
PO -- mac2accu_data2[6]
PO -- mac2accu_data2[7]
PO -- mac2accu_data2[8]
PO -- mac2accu_data2[9]
PO -- mac2accu_data3[0]
PO -- mac2accu_data3[10]
PO -- mac2accu_data3[11]
PO -- mac2accu_data3[12]
PO -- mac2accu_data3[13]
PO -- mac2accu_data3[14]
PO -- mac2accu_data3[15]
PO -- mac2accu_data3[16]
PO -- mac2accu_data3[17]
PO -- mac2accu_data3[18]
PO -- mac2accu_data3[1]
PO -- mac2accu_data3[2]
PO -- mac2accu_data3[3]
PO -- mac2accu_data3[4]
PO -- mac2accu_data3[5]
PO -- mac2accu_data3[6]
PO -- mac2accu_data3[7]
PO -- mac2accu_data3[8]
PO -- mac2accu_data3[9]
PO -- mac2accu_mask[0]
PO -- mac2accu_mask[1]
PO -- mac2accu_mask[2]
PO -- mac2accu_mask[3]
PO -- mac2accu_mode
PO -- mac2accu_pd[0]
PO -- mac2accu_pd[1]
PO -- mac2accu_pd[2]
PO -- mac2accu_pd[3]
PO -- mac2accu_pd[4]
PO -- mac2accu_pd[5]
PO -- mac2accu_pd[6]
PO -- mac2accu_pd[7]
PO -- mac2accu_pd[8]
PO -- mac2accu_pvld
PI -- csb2cmac_a_req_pd[0]
PI -- csb2cmac_a_req_pd[10]
PI -- csb2cmac_a_req_pd[11]
PI -- csb2cmac_a_req_pd[12]
PI -- csb2cmac_a_req_pd[13]
PI -- csb2cmac_a_req_pd[14]
PI -- csb2cmac_a_req_pd[15]
PI -- csb2cmac_a_req_pd[16]
PI -- csb2cmac_a_req_pd[17]
PI -- csb2cmac_a_req_pd[18]
PI -- csb2cmac_a_req_pd[19]
PI -- csb2cmac_a_req_pd[1]
PI -- csb2cmac_a_req_pd[20]
PI -- csb2cmac_a_req_pd[21]
PI -- csb2cmac_a_req_pd[22]
PI -- csb2cmac_a_req_pd[23]
PI -- csb2cmac_a_req_pd[24]
PI -- csb2cmac_a_req_pd[25]
PI -- csb2cmac_a_req_pd[26]
PI -- csb2cmac_a_req_pd[27]
PI -- csb2cmac_a_req_pd[28]
PI -- csb2cmac_a_req_pd[29]
PI -- csb2cmac_a_req_pd[2]
PI -- csb2cmac_a_req_pd[30]
PI -- csb2cmac_a_req_pd[31]
PI -- csb2cmac_a_req_pd[32]
PI -- csb2cmac_a_req_pd[33]
PI -- csb2cmac_a_req_pd[34]
PI -- csb2cmac_a_req_pd[35]
PI -- csb2cmac_a_req_pd[36]
PI -- csb2cmac_a_req_pd[37]
PI -- csb2cmac_a_req_pd[38]
PI -- csb2cmac_a_req_pd[39]
PI -- csb2cmac_a_req_pd[3]
PI -- csb2cmac_a_req_pd[40]
PI -- csb2cmac_a_req_pd[41]
PI -- csb2cmac_a_req_pd[42]
PI -- csb2cmac_a_req_pd[43]
PI -- csb2cmac_a_req_pd[44]
PI -- csb2cmac_a_req_pd[45]
PI -- csb2cmac_a_req_pd[46]
PI -- csb2cmac_a_req_pd[47]
PI -- csb2cmac_a_req_pd[48]
PI -- csb2cmac_a_req_pd[49]
PI -- csb2cmac_a_req_pd[4]
PI -- csb2cmac_a_req_pd[50]
PI -- csb2cmac_a_req_pd[51]
PI -- csb2cmac_a_req_pd[52]
PI -- csb2cmac_a_req_pd[53]
PI -- csb2cmac_a_req_pd[54]
PI -- csb2cmac_a_req_pd[55]
PI -- csb2cmac_a_req_pd[56]
PI -- csb2cmac_a_req_pd[57]
PI -- csb2cmac_a_req_pd[58]
PI -- csb2cmac_a_req_pd[59]
PI -- csb2cmac_a_req_pd[5]
PI -- csb2cmac_a_req_pd[60]
PI -- csb2cmac_a_req_pd[61]
PI -- csb2cmac_a_req_pd[62]
PI -- csb2cmac_a_req_pd[6]
PI -- csb2cmac_a_req_pd[7]
PI -- csb2cmac_a_req_pd[8]
PI -- csb2cmac_a_req_pd[9]
PI -- csb2cmac_a_req_pvld
PI -- direct_reset_
PI -- dla_reset_rstn
PI -- global_clk_ovr_on
PI -- nvdla_clk_ovr_on
PI -- nvdla_core_clk
PI -- sc2mac_dat_data0[0]
PI -- sc2mac_dat_data0[1]
PI -- sc2mac_dat_data0[2]
PI -- sc2mac_dat_data0[3]
PI -- sc2mac_dat_data0[4]
PI -- sc2mac_dat_data0[5]
PI -- sc2mac_dat_data0[6]
PI -- sc2mac_dat_data0[7]
PI -- sc2mac_dat_data1[0]
PI -- sc2mac_dat_data1[1]
PI -- sc2mac_dat_data1[2]
PI -- sc2mac_dat_data1[3]
PI -- sc2mac_dat_data1[4]
PI -- sc2mac_dat_data1[5]
PI -- sc2mac_dat_data1[6]
PI -- sc2mac_dat_data1[7]
PI -- sc2mac_dat_data2[0]
PI -- sc2mac_dat_data2[1]
PI -- sc2mac_dat_data2[2]
PI -- sc2mac_dat_data2[3]
PI -- sc2mac_dat_data2[4]
PI -- sc2mac_dat_data2[5]
PI -- sc2mac_dat_data2[6]
PI -- sc2mac_dat_data2[7]
PI -- sc2mac_dat_data3[0]
PI -- sc2mac_dat_data3[1]
PI -- sc2mac_dat_data3[2]
PI -- sc2mac_dat_data3[3]
PI -- sc2mac_dat_data3[4]
PI -- sc2mac_dat_data3[5]
PI -- sc2mac_dat_data3[6]
PI -- sc2mac_dat_data3[7]
PI -- sc2mac_dat_data4[0]
PI -- sc2mac_dat_data4[1]
PI -- sc2mac_dat_data4[2]
PI -- sc2mac_dat_data4[3]
PI -- sc2mac_dat_data4[4]
PI -- sc2mac_dat_data4[5]
PI -- sc2mac_dat_data4[6]
PI -- sc2mac_dat_data4[7]
PI -- sc2mac_dat_data5[0]
PI -- sc2mac_dat_data5[1]
PI -- sc2mac_dat_data5[2]
PI -- sc2mac_dat_data5[3]
PI -- sc2mac_dat_data5[4]
PI -- sc2mac_dat_data5[5]
PI -- sc2mac_dat_data5[6]
PI -- sc2mac_dat_data5[7]
PI -- sc2mac_dat_data6[0]
PI -- sc2mac_dat_data6[1]
PI -- sc2mac_dat_data6[2]
PI -- sc2mac_dat_data6[3]
PI -- sc2mac_dat_data6[4]
PI -- sc2mac_dat_data6[5]
PI -- sc2mac_dat_data6[6]
PI -- sc2mac_dat_data6[7]
PI -- sc2mac_dat_data7[0]
PI -- sc2mac_dat_data7[1]
PI -- sc2mac_dat_data7[2]
PI -- sc2mac_dat_data7[3]
PI -- sc2mac_dat_data7[4]
PI -- sc2mac_dat_data7[5]
PI -- sc2mac_dat_data7[6]
PI -- sc2mac_dat_data7[7]
PI -- sc2mac_dat_mask[0]
PI -- sc2mac_dat_mask[1]
PI -- sc2mac_dat_mask[2]
PI -- sc2mac_dat_mask[3]
PI -- sc2mac_dat_mask[4]
PI -- sc2mac_dat_mask[5]
PI -- sc2mac_dat_mask[6]
PI -- sc2mac_dat_mask[7]
PI -- sc2mac_dat_pd[0]
PI -- sc2mac_dat_pd[1]
PI -- sc2mac_dat_pd[2]
PI -- sc2mac_dat_pd[3]
PI -- sc2mac_dat_pd[4]
PI -- sc2mac_dat_pd[5]
PI -- sc2mac_dat_pd[6]
PI -- sc2mac_dat_pd[7]
PI -- sc2mac_dat_pd[8]
PI -- sc2mac_dat_pvld
PI -- sc2mac_wt_data0[0]
PI -- sc2mac_wt_data0[1]
PI -- sc2mac_wt_data0[2]
PI -- sc2mac_wt_data0[3]
PI -- sc2mac_wt_data0[4]
PI -- sc2mac_wt_data0[5]
PI -- sc2mac_wt_data0[6]
PI -- sc2mac_wt_data0[7]
PI -- sc2mac_wt_data1[0]
PI -- sc2mac_wt_data1[1]
PI -- sc2mac_wt_data1[2]
PI -- sc2mac_wt_data1[3]
PI -- sc2mac_wt_data1[4]
PI -- sc2mac_wt_data1[5]
PI -- sc2mac_wt_data1[6]
PI -- sc2mac_wt_data1[7]
PI -- sc2mac_wt_data2[0]
PI -- sc2mac_wt_data2[1]
PI -- sc2mac_wt_data2[2]
PI -- sc2mac_wt_data2[3]
PI -- sc2mac_wt_data2[4]
PI -- sc2mac_wt_data2[5]
PI -- sc2mac_wt_data2[6]
PI -- sc2mac_wt_data2[7]
PI -- sc2mac_wt_data3[0]
PI -- sc2mac_wt_data3[1]
PI -- sc2mac_wt_data3[2]
PI -- sc2mac_wt_data3[3]
PI -- sc2mac_wt_data3[4]
PI -- sc2mac_wt_data3[5]
PI -- sc2mac_wt_data3[6]
PI -- sc2mac_wt_data3[7]
PI -- sc2mac_wt_data4[0]
PI -- sc2mac_wt_data4[1]
PI -- sc2mac_wt_data4[2]
PI -- sc2mac_wt_data4[3]
PI -- sc2mac_wt_data4[4]
PI -- sc2mac_wt_data4[5]
PI -- sc2mac_wt_data4[6]
PI -- sc2mac_wt_data4[7]
PI -- sc2mac_wt_data5[0]
PI -- sc2mac_wt_data5[1]
PI -- sc2mac_wt_data5[2]
PI -- sc2mac_wt_data5[3]
PI -- sc2mac_wt_data5[4]
PI -- sc2mac_wt_data5[5]
PI -- sc2mac_wt_data5[6]
PI -- sc2mac_wt_data5[7]
PI -- sc2mac_wt_data6[0]
PI -- sc2mac_wt_data6[1]
PI -- sc2mac_wt_data6[2]
PI -- sc2mac_wt_data6[3]
PI -- sc2mac_wt_data6[4]
PI -- sc2mac_wt_data6[5]
PI -- sc2mac_wt_data6[6]
PI -- sc2mac_wt_data6[7]
PI -- sc2mac_wt_data7[0]
PI -- sc2mac_wt_data7[1]
PI -- sc2mac_wt_data7[2]
PI -- sc2mac_wt_data7[3]
PI -- sc2mac_wt_data7[4]
PI -- sc2mac_wt_data7[5]
PI -- sc2mac_wt_data7[6]
PI -- sc2mac_wt_data7[7]
PI -- sc2mac_wt_mask[0]
PI -- sc2mac_wt_mask[1]
PI -- sc2mac_wt_mask[2]
PI -- sc2mac_wt_mask[3]
PI -- sc2mac_wt_mask[4]
PI -- sc2mac_wt_mask[5]
PI -- sc2mac_wt_mask[6]
PI -- sc2mac_wt_mask[7]
PI -- sc2mac_wt_pvld
PI -- sc2mac_wt_sel[0]
PI -- sc2mac_wt_sel[1]
PI -- sc2mac_wt_sel[2]
PI -- sc2mac_wt_sel[3]
PI -- test_mode
PI -- tmc2slcg_disable_clock_gating