TIMING END POINT CHECK: u_NV_NVDLA_cmac_u_core_u_rt_in_in_rt_wt_mask_d1_reg\[0\]/RESET 1.79769e+308/76.6329
TIMING END POINT CHECK: u_NV_NVDLA_cmac_u_core_u_rt_in_in_rt_wt_mask_d1_reg\[1\]/D 250.128/248.076
TIMING END POINT CHECK: u_NV_NVDLA_cmac_u_core_u_rt_in_in_rt_wt_mask_d1_reg\[1\]/RESET 1.79769e+308/-373.71
TIMING END POINT CHECK: u_NV_NVDLA_cmac_u_core_u_rt_in_in_rt_wt_mask_d1_reg\[2\]/D 250.122/248.033
TIMING END POINT CHECK: u_NV_NVDLA_cmac_u_core_u_rt_in_in_rt_wt_mask_d1_reg\[2\]/RESET 1.79769e+308/-371.925
TIMING END POINT CHECK: u_NV_NVDLA_cmac_u_core_u_rt_in_in_rt_wt_mask_d1_reg\[3\]/D 252.561/250.442
TIMING END POINT CHECK: u_NV_NVDLA_cmac_u_core_u_rt_in_in_rt_wt_mask_d1_reg\[3\]/RESET 1.79769e+308/-121.418
TIMING END POINT CHECK: u_NV_NVDLA_cmac_u_core_u_rt_in_in_rt_wt_mask_d1_reg\[4\]/D 252.821/250.703
TIMING END POINT CHECK: u_NV_NVDLA_cmac_u_core_u_rt_in_in_rt_wt_mask_d1_reg\[4\]/RESET 1.79769e+308/-407.571
TIMING END POINT CHECK: u_NV_NVDLA_cmac_u_core_u_rt_in_in_rt_wt_mask_d1_reg\[5\]/D 255.065/252.981
TIMING END POINT CHECK: u_NV_NVDLA_cmac_u_core_u_rt_in_in_rt_wt_mask_d1_reg\[5\]/RESET 1.79769e+308/76.9509
TIMING END POINT CHECK: u_NV_NVDLA_cmac_u_core_u_rt_in_in_rt_wt_mask_d1_reg\[6\]/D 252.714/250.677
TIMING END POINT CHECK: u_NV_NVDLA_cmac_u_core_u_rt_in_in_rt_wt_mask_d1_reg\[6\]/RESET 1.79769e+308/-131.623
TIMING END POINT CHECK: u_NV_NVDLA_cmac_u_core_u_rt_in_in_rt_wt_mask_d1_reg\[7\]/D 252.302/250.231
TIMING END POINT CHECK: u_NV_NVDLA_cmac_u_core_u_rt_in_in_rt_wt_mask_d1_reg\[7\]/RESET 1.79769e+308/-409.47
TIMING END POINT CHECK: u_NV_NVDLA_cmac_u_core_u_rt_in_in_rt_wt_mask_d2_reg\[0\]/D -60.0559/-51.2089
TIMING END POINT CHECK: u_NV_NVDLA_cmac_u_core_u_rt_in_in_rt_wt_mask_d2_reg\[0\]/RESET 1.79769e+308/76.7981
TIMING END POINT CHECK: u_NV_NVDLA_cmac_u_core_u_rt_in_in_rt_wt_mask_d2_reg\[1\]/D -64.0422/-55.1539
TIMING END POINT CHECK: u_NV_NVDLA_cmac_u_core_u_rt_in_in_rt_wt_mask_d2_reg\[1\]/RESET 1.79769e+308/-373.718
TIMING END POINT CHECK: u_NV_NVDLA_cmac_u_core_u_rt_in_in_rt_wt_mask_d2_reg\[2\]/D -64.9595/-56.1866
TIMING END POINT CHECK: u_NV_NVDLA_cmac_u_core_u_rt_in_in_rt_wt_mask_d2_reg\[2\]/RESET 1.79769e+308/-374.683
TIMING END POINT CHECK: u_NV_NVDLA_cmac_u_core_u_rt_in_in_rt_wt_mask_d2_reg\[3\]/D -61.6601/-52.7941
TIMING END POINT CHECK: u_NV_NVDLA_cmac_u_core_u_rt_in_in_rt_wt_mask_d2_reg\[3\]/RESET 1.79769e+308/-120.424
TIMING END POINT CHECK: u_NV_NVDLA_cmac_u_core_u_rt_in_in_rt_wt_mask_d2_reg\[4\]/D -65.1465/-56.6182
TIMING END POINT CHECK: u_NV_NVDLA_cmac_u_core_u_rt_in_in_rt_wt_mask_d2_reg\[4\]/RESET 1.79769e+308/-407.68
TIMING END POINT CHECK: u_NV_NVDLA_cmac_u_core_u_rt_in_in_rt_wt_mask_d2_reg\[5\]/D -59.4242/-50.5004
TIMING END POINT CHECK: u_NV_NVDLA_cmac_u_core_u_rt_in_in_rt_wt_mask_d2_reg\[5\]/RESET 1.79769e+308/76.3315
TIMING END POINT CHECK: u_NV_NVDLA_cmac_u_core_u_rt_in_in_rt_wt_mask_d2_reg\[6\]/D -62.7383/-53.8349
TIMING END POINT CHECK: u_NV_NVDLA_cmac_u_core_u_rt_in_in_rt_wt_mask_d2_reg\[6\]/RESET 1.79769e+308/-131.883
TIMING END POINT CHECK: u_NV_NVDLA_cmac_u_core_u_rt_in_in_rt_wt_mask_d2_reg\[7\]/D -63.9046/-55.2088
TIMING END POINT CHECK: u_NV_NVDLA_cmac_u_core_u_rt_in_in_rt_wt_mask_d2_reg\[7\]/RESET 1.79769e+308/-409.523
TIMING END POINT CHECK: u_NV_NVDLA_cmac_u_core_u_rt_in_in_rt_wt_pvld_d1_reg/D 1.79769e+308/1.79769e+308
TIMING END POINT CHECK: u_NV_NVDLA_cmac_u_core_u_rt_in_in_rt_wt_pvld_d1_reg/RESET 1.79769e+308/73.0414
TIMING END POINT CHECK: u_NV_NVDLA_cmac_u_core_u_rt_in_in_rt_wt_pvld_d2_reg/D 322.103/319.28
TIMING END POINT CHECK: u_NV_NVDLA_cmac_u_core_u_rt_in_in_rt_wt_pvld_d2_reg/RESET 1.79769e+308/72.5529
TIMING END POINT CHECK: u_NV_NVDLA_cmac_u_core_u_rt_in_in_rt_wt_sel_d1_reg\[0\]/D 249.089/246.996
TIMING END POINT CHECK: u_NV_NVDLA_cmac_u_core_u_rt_in_in_rt_wt_sel_d1_reg\[0\]/RESET 1.79769e+308/-194.049
TIMING END POINT CHECK: u_NV_NVDLA_cmac_u_core_u_rt_in_in_rt_wt_sel_d1_reg\[1\]/D 251.697/249.605
TIMING END POINT CHECK: u_NV_NVDLA_cmac_u_core_u_rt_in_in_rt_wt_sel_d1_reg\[1\]/RESET 1.79769e+308/-132.501
TIMING END POINT CHECK: u_NV_NVDLA_cmac_u_core_u_rt_in_in_rt_wt_sel_d1_reg\[2\]/D 252.241/250.163
TIMING END POINT CHECK: u_NV_NVDLA_cmac_u_core_u_rt_in_in_rt_wt_sel_d1_reg\[2\]/RESET 1.79769e+308/-132.003
TIMING END POINT CHECK: u_NV_NVDLA_cmac_u_core_u_rt_in_in_rt_wt_sel_d1_reg\[3\]/D 254.2/252.531
TIMING END POINT CHECK: u_NV_NVDLA_cmac_u_core_u_rt_in_in_rt_wt_sel_d1_reg\[3\]/RESET 1.79769e+308/-406.694
TIMING END POINT CHECK: u_NV_NVDLA_cmac_u_core_u_rt_in_in_rt_wt_sel_d2_reg\[0\]/D -62.6911/-53.8937
TIMING END POINT CHECK: u_NV_NVDLA_cmac_u_core_u_rt_in_in_rt_wt_sel_d2_reg\[0\]/RESET 1.79769e+308/-194.011
TIMING END POINT CHECK: u_NV_NVDLA_cmac_u_core_u_rt_in_in_rt_wt_sel_d2_reg\[1\]/D -64.1765/-55.3607
TIMING END POINT CHECK: u_NV_NVDLA_cmac_u_core_u_rt_in_in_rt_wt_sel_d2_reg\[1\]/RESET 1.79769e+308/-132.511
TIMING END POINT CHECK: u_NV_NVDLA_cmac_u_core_u_rt_in_in_rt_wt_sel_d2_reg\[2\]/D -64.2483/-55.4772
TIMING END POINT CHECK: u_NV_NVDLA_cmac_u_core_u_rt_in_in_rt_wt_sel_d2_reg\[2\]/RESET 1.79769e+308/-132.383
TIMING END POINT CHECK: u_NV_NVDLA_cmac_u_core_u_rt_in_in_rt_wt_sel_d2_reg\[3\]/D -61.8778/-52.8669
TIMING END POINT CHECK: u_NV_NVDLA_cmac_u_core_u_rt_in_in_rt_wt_sel_d2_reg\[3\]/RESET 1.79769e+308/-406.96
TIMING END POINT CHECK: u_NV_NVDLA_cmac_u_core_u_rt_out_out_rt_data0_d1_reg\[0\]/D 155.516/146.775
TIMING END POINT CHECK: u_NV_NVDLA_cmac_u_core_u_rt_out_out_rt_data0_d1_reg\[10\]/D 152.158/143.853
TIMING END POINT CHECK: u_NV_NVDLA_cmac_u_core_u_rt_out_out_rt_data0_d1_reg\[11\]/D 154.718/146.03
TIMING END POINT CHECK: u_NV_NVDLA_cmac_u_core_u_rt_out_out_rt_data0_d1_reg\[12\]/D 156.935/148.11
TIMING END POINT CHECK: u_NV_NVDLA_cmac_u_core_u_rt_out_out_rt_data0_d1_reg\[13\]/D 156.366/147.633
TIMING END POINT CHECK: u_NV_NVDLA_cmac_u_core_u_rt_out_out_rt_data0_d1_reg\[14\]/D 156.796/147.81
TIMING END POINT CHECK: u_NV_NVDLA_cmac_u_core_u_rt_out_out_rt_data0_d1_reg\[15\]/D 152.628/144.283
TIMING END POINT CHECK: u_NV_NVDLA_cmac_u_core_u_rt_out_out_rt_data0_d1_reg\[16\]/D 152.828/144.492
TIMING END POINT CHECK: u_NV_NVDLA_cmac_u_core_u_rt_out_out_rt_data0_d1_reg\[17\]/D 156.5/147.782
TIMING END POINT CHECK: u_NV_NVDLA_cmac_u_core_u_rt_out_out_rt_data0_d1_reg\[18\]/D 154.142/145.612
TIMING END POINT CHECK: u_NV_NVDLA_cmac_u_core_u_rt_out_out_rt_data0_d1_reg\[1\]/D 159.401/150.212
TIMING END POINT CHECK: u_NV_NVDLA_cmac_u_core_u_rt_out_out_rt_data0_d1_reg\[2\]/D 152.133/143.897
TIMING END POINT CHECK: u_NV_NVDLA_cmac_u_core_u_rt_out_out_rt_data0_d1_reg\[3\]/D 155.898/147.234
TIMING END POINT CHECK: u_NV_NVDLA_cmac_u_core_u_rt_out_out_rt_data0_d1_reg\[4\]/D 159.025/149.882
TIMING END POINT CHECK: u_NV_NVDLA_cmac_u_core_u_rt_out_out_rt_data0_d1_reg\[5\]/D 156.262/147.37
TIMING END POINT CHECK: u_NV_NVDLA_cmac_u_core_u_rt_out_out_rt_data0_d1_reg\[6\]/D 154.365/145.807
TIMING END POINT CHECK: u_NV_NVDLA_cmac_u_core_u_rt_out_out_rt_data0_d1_reg\[7\]/D 156.104/147.304
TIMING END POINT CHECK: u_NV_NVDLA_cmac_u_core_u_rt_out_out_rt_data0_d1_reg\[8\]/D 153.414/144.999
TIMING END POINT CHECK: u_NV_NVDLA_cmac_u_core_u_rt_out_out_rt_data0_d1_reg\[9\]/D 156.919/147.92
TIMING END POINT CHECK: u_NV_NVDLA_cmac_u_core_u_rt_out_out_rt_data0_d2_reg\[0\]/D 97.7588/95.7348
TIMING END POINT CHECK: u_NV_NVDLA_cmac_u_core_u_rt_out_out_rt_data0_d2_reg\[10\]/D 98.5841/96.5701
TIMING END POINT CHECK: u_NV_NVDLA_cmac_u_core_u_rt_out_out_rt_data0_d2_reg\[11\]/D 98.6075/96.5816
TIMING END POINT CHECK: u_NV_NVDLA_cmac_u_core_u_rt_out_out_rt_data0_d2_reg\[12\]/D 98.6426/96.5888
TIMING END POINT CHECK: u_NV_NVDLA_cmac_u_core_u_rt_out_out_rt_data0_d2_reg\[13\]/D 98.7577/96.6996
TIMING END POINT CHECK: u_NV_NVDLA_cmac_u_core_u_rt_out_out_rt_data0_d2_reg\[14\]/D 94.576/93.1259
TIMING END POINT CHECK: u_NV_NVDLA_cmac_u_core_u_rt_out_out_rt_data0_d2_reg\[15\]/D 94.2912/92.866
TIMING END POINT CHECK: u_NV_NVDLA_cmac_u_core_u_rt_out_out_rt_data0_d2_reg\[16\]/D 95.2975/93.6224
TIMING END POINT CHECK: u_NV_NVDLA_cmac_u_core_u_rt_out_out_rt_data0_d2_reg\[17\]/D 100.023/97.7643
TIMING END POINT CHECK: u_NV_NVDLA_cmac_u_core_u_rt_out_out_rt_data0_d2_reg\[18\]/D 99.106/96.8742
TIMING END POINT CHECK: u_NV_NVDLA_cmac_u_core_u_rt_out_out_rt_data0_d2_reg\[1\]/D 97.4648/95.5616
TIMING END POINT CHECK: u_NV_NVDLA_cmac_u_core_u_rt_out_out_rt_data0_d2_reg\[2\]/D 96.8499/94.941
TIMING END POINT CHECK: u_NV_NVDLA_cmac_u_core_u_rt_out_out_rt_data0_d2_reg\[3\]/D 100.48/98.1487
TIMING END POINT CHECK: u_NV_NVDLA_cmac_u_core_u_rt_out_out_rt_data0_d2_reg\[4\]/D 96.5884/94.8456
TIMING END POINT CHECK: u_NV_NVDLA_cmac_u_core_u_rt_out_out_rt_data0_d2_reg\[5\]/D 96.7984/95
TIMING END POINT CHECK: u_NV_NVDLA_cmac_u_core_u_rt_out_out_rt_data0_d2_reg\[6\]/D 99.4771/97.2416
TIMING END POINT CHECK: u_NV_NVDLA_cmac_u_core_u_rt_out_out_rt_data0_d2_reg\[7\]/D 98.1311/96.0875
TIMING END POINT CHECK: u_NV_NVDLA_cmac_u_core_u_rt_out_out_rt_data0_d2_reg\[8\]/D 99.8637/97.6514
TIMING END POINT CHECK: u_NV_NVDLA_cmac_u_core_u_rt_out_out_rt_data0_d2_reg\[9\]/D 99.2121/97.1175
TIMING END POINT CHECK: u_NV_NVDLA_cmac_u_core_u_rt_out_out_rt_data1_d1_reg\[0\]/D 166.737/157.829
TIMING END POINT CHECK: u_NV_NVDLA_cmac_u_core_u_rt_out_out_rt_data1_d1_reg\[10\]/D 166.366/157.374
TIMING END POINT CHECK: u_NV_NVDLA_cmac_u_core_u_rt_out_out_rt_data1_d1_reg\[11\]/D 165.514/156.904
TIMING END POINT CHECK: u_NV_NVDLA_cmac_u_core_u_rt_out_out_rt_data1_d1_reg\[12\]/D 162.805/154.579
TIMING END POINT CHECK: u_NV_NVDLA_cmac_u_core_u_rt_out_out_rt_data1_d1_reg\[13\]/D 163.098/154.512
TIMING END POINT CHECK: u_NV_NVDLA_cmac_u_core_u_rt_out_out_rt_data1_d1_reg\[14\]/D 164.733/155.912
TIMING END POINT CHECK: u_NV_NVDLA_cmac_u_core_u_rt_out_out_rt_data1_d1_reg\[15\]/D 165.497/156.886
TIMING END POINT CHECK: u_NV_NVDLA_cmac_u_core_u_rt_out_out_rt_data1_d1_reg\[16\]/D 165.516/156.575
TIMING END POINT CHECK: u_NV_NVDLA_cmac_u_core_u_rt_out_out_rt_data1_d1_reg\[17\]/D 166.476/157.695
TIMING END POINT CHECK: u_NV_NVDLA_cmac_u_core_u_rt_out_out_rt_data1_d1_reg\[18\]/D 165.334/156.415
TIMING END POINT CHECK: u_NV_NVDLA_cmac_u_core_u_rt_out_out_rt_data1_d1_reg\[1\]/D 165.391/156.478
TIMING END POINT CHECK: u_NV_NVDLA_cmac_u_core_u_rt_out_out_rt_data1_d1_reg\[2\]/D 163.749/155.075
TIMING END POINT CHECK: u_NV_NVDLA_cmac_u_core_u_rt_out_out_rt_data1_d1_reg\[3\]/D 168.44/159.573
TIMING END POINT CHECK: u_NV_NVDLA_cmac_u_core_u_rt_out_out_rt_data1_d1_reg\[4\]/D 166.037/157.235
TIMING END POINT CHECK: u_NV_NVDLA_cmac_u_core_u_rt_out_out_rt_data1_d1_reg\[5\]/D 168.784/159.982
TIMING END POINT CHECK: u_NV_NVDLA_cmac_u_core_u_rt_out_out_rt_data1_d1_reg\[6\]/D 165.45/156.602
TIMING END POINT CHECK: u_NV_NVDLA_cmac_u_core_u_rt_out_out_rt_data1_d1_reg\[7\]/D 171.681/162.579
TIMING END POINT CHECK: u_NV_NVDLA_cmac_u_core_u_rt_out_out_rt_data1_d1_reg\[8\]/D 170.042/160.929
TIMING END POINT CHECK: u_NV_NVDLA_cmac_u_core_u_rt_out_out_rt_data1_d1_reg\[9\]/D 164.118/155.463
TIMING END POINT CHECK: u_NV_NVDLA_cmac_u_core_u_rt_out_out_rt_data1_d2_reg\[0\]/D 91.7468/80.9548
TIMING END POINT CHECK: u_NV_NVDLA_cmac_u_core_u_rt_out_out_rt_data1_d2_reg\[10\]/D 96.5374/85.487
TIMING END POINT CHECK: u_NV_NVDLA_cmac_u_core_u_rt_out_out_rt_data1_d2_reg\[11\]/D 91.6283/80.8589
TIMING END POINT CHECK: u_NV_NVDLA_cmac_u_core_u_rt_out_out_rt_data1_d2_reg\[12\]/D 88.1916/77.8841
TIMING END POINT CHECK: u_NV_NVDLA_cmac_u_core_u_rt_out_out_rt_data1_d2_reg\[13\]/D 97.3464/86.5162
TIMING END POINT CHECK: u_NV_NVDLA_cmac_u_core_u_rt_out_out_rt_data1_d2_reg\[14\]/D 94.0636/83.6603
TIMING END POINT CHECK: u_NV_NVDLA_cmac_u_core_u_rt_out_out_rt_data1_d2_reg\[15\]/D 90.2251/79.6649
TIMING END POINT CHECK: u_NV_NVDLA_cmac_u_core_u_rt_out_out_rt_data1_d2_reg\[16\]/D 100.65/89.4122
TIMING END POINT CHECK: u_NV_NVDLA_cmac_u_core_u_rt_out_out_rt_data1_d2_reg\[17\]/D 90.8602/80.2
TIMING END POINT CHECK: u_NV_NVDLA_cmac_u_core_u_rt_out_out_rt_data1_d2_reg\[18\]/D 99.6697/88.5407
TIMING END POINT CHECK: u_NV_NVDLA_cmac_u_core_u_rt_out_out_rt_data1_d2_reg\[1\]/D 97.7493/86.8591
TIMING END POINT CHECK: u_NV_NVDLA_cmac_u_core_u_rt_out_out_rt_data1_d2_reg\[2\]/D 98.0173/87.0885
TIMING END POINT CHECK: u_NV_NVDLA_cmac_u_core_u_rt_out_out_rt_data1_d2_reg\[3\]/D 96.9863/85.8289
TIMING END POINT CHECK: u_NV_NVDLA_cmac_u_core_u_rt_out_out_rt_data1_d2_reg\[4\]/D 95.6191/84.464
TIMING END POINT CHECK: u_NV_NVDLA_cmac_u_core_u_rt_out_out_rt_data1_d2_reg\[5\]/D 97.1917/86.0081
TIMING END POINT CHECK: u_NV_NVDLA_cmac_u_core_u_rt_out_out_rt_data1_d2_reg\[6\]/D 94.6521/83.8205
TIMING END POINT CHECK: u_NV_NVDLA_cmac_u_core_u_rt_out_out_rt_data1_d2_reg\[7\]/D 96.4613/85.3867
TIMING END POINT CHECK: u_NV_NVDLA_cmac_u_core_u_rt_out_out_rt_data1_d2_reg\[8\]/D 94.7791/83.897
TIMING END POINT CHECK: u_NV_NVDLA_cmac_u_core_u_rt_out_out_rt_data1_d2_reg\[9\]/D 97.7603/86.844
TIMING END POINT CHECK: u_NV_NVDLA_cmac_u_core_u_rt_out_out_rt_data2_d1_reg\[0\]/D 159.916/151.095
TIMING END POINT CHECK: u_NV_NVDLA_cmac_u_core_u_rt_out_out_rt_data2_d1_reg\[10\]/D 159.195/150.27
TIMING END POINT CHECK: u_NV_NVDLA_cmac_u_core_u_rt_out_out_rt_data2_d1_reg\[11\]/D 158.352/149.557
TIMING END POINT CHECK: u_NV_NVDLA_cmac_u_core_u_rt_out_out_rt_data2_d1_reg\[12\]/D 156.095/147.48
TIMING END POINT CHECK: u_NV_NVDLA_cmac_u_core_u_rt_out_out_rt_data2_d1_reg\[13\]/D 155.987/147.379
TIMING END POINT CHECK: u_NV_NVDLA_cmac_u_core_u_rt_out_out_rt_data2_d1_reg\[14\]/D 161.387/152.354
TIMING END POINT CHECK: u_NV_NVDLA_cmac_u_core_u_rt_out_out_rt_data2_d1_reg\[15\]/D 157.065/148.403
TIMING END POINT CHECK: u_NV_NVDLA_cmac_u_core_u_rt_out_out_rt_data2_d1_reg\[16\]/D 160.653/151.739
TIMING END POINT CHECK: u_NV_NVDLA_cmac_u_core_u_rt_out_out_rt_data2_d1_reg\[17\]/D 157.284/148.592
TIMING END POINT CHECK: u_NV_NVDLA_cmac_u_core_u_rt_out_out_rt_data2_d1_reg\[18\]/D 158.044/149.292
TIMING END POINT CHECK: u_NV_NVDLA_cmac_u_core_u_rt_out_out_rt_data2_d1_reg\[1\]/D 159.402/150.398
TIMING END POINT CHECK: u_NV_NVDLA_cmac_u_core_u_rt_out_out_rt_data2_d1_reg\[2\]/D 161.793/152.69
TIMING END POINT CHECK: u_NV_NVDLA_cmac_u_core_u_rt_out_out_rt_data2_d1_reg\[3\]/D 154.555/146.187
TIMING END POINT CHECK: u_NV_NVDLA_cmac_u_core_u_rt_out_out_rt_data2_d1_reg\[4\]/D 160.988/151.825
TIMING END POINT CHECK: u_NV_NVDLA_cmac_u_core_u_rt_out_out_rt_data2_d1_reg\[5\]/D 156.761/148.043
TIMING END POINT CHECK: u_NV_NVDLA_cmac_u_core_u_rt_out_out_rt_data2_d1_reg\[6\]/D 158.152/149.606
TIMING END POINT CHECK: u_NV_NVDLA_cmac_u_core_u_rt_out_out_rt_data2_d1_reg\[7\]/D 156.615/148.327
TIMING END POINT CHECK: u_NV_NVDLA_cmac_u_core_u_rt_out_out_rt_data2_d1_reg\[8\]/D 157.669/148.955
TIMING END POINT CHECK: u_NV_NVDLA_cmac_u_core_u_rt_out_out_rt_data2_d1_reg\[9\]/D 156.313/147.87
TIMING END POINT CHECK: u_NV_NVDLA_cmac_u_core_u_rt_out_out_rt_data2_d2_reg\[0\]/D 129.259/121.385
TIMING END POINT CHECK: u_NV_NVDLA_cmac_u_core_u_rt_out_out_rt_data2_d2_reg\[10\]/D 125.918/118.094
TIMING END POINT CHECK: u_NV_NVDLA_cmac_u_core_u_rt_out_out_rt_data2_d2_reg\[11\]/D 125.538/117.804
TIMING END POINT CHECK: u_NV_NVDLA_cmac_u_core_u_rt_out_out_rt_data2_d2_reg\[12\]/D 129.25/121.111
TIMING END POINT CHECK: u_NV_NVDLA_cmac_u_core_u_rt_out_out_rt_data2_d2_reg\[13\]/D 125.342/117.71
TIMING END POINT CHECK: u_NV_NVDLA_cmac_u_core_u_rt_out_out_rt_data2_d2_reg\[14\]/D 127.791/120.12
TIMING END POINT CHECK: u_NV_NVDLA_cmac_u_core_u_rt_out_out_rt_data2_d2_reg\[15\]/D 129.98/122.102
TIMING END POINT CHECK: u_NV_NVDLA_cmac_u_core_u_rt_out_out_rt_data2_d2_reg\[16\]/D 128.668/120.834
TIMING END POINT CHECK: u_NV_NVDLA_cmac_u_core_u_rt_out_out_rt_data2_d2_reg\[17\]/D 127.408/119.784
TIMING END POINT CHECK: u_NV_NVDLA_cmac_u_core_u_rt_out_out_rt_data2_d2_reg\[18\]/D 124.875/117.208
TIMING END POINT CHECK: u_NV_NVDLA_cmac_u_core_u_rt_out_out_rt_data2_d2_reg\[1\]/D 127.505/119.916
TIMING END POINT CHECK: u_NV_NVDLA_cmac_u_core_u_rt_out_out_rt_data2_d2_reg\[2\]/D 124.93/117.26
TIMING END POINT CHECK: u_NV_NVDLA_cmac_u_core_u_rt_out_out_rt_data2_d2_reg\[3\]/D 126.402/118.64
TIMING END POINT CHECK: u_NV_NVDLA_cmac_u_core_u_rt_out_out_rt_data2_d2_reg\[4\]/D 125.241/117.511
TIMING END POINT CHECK: u_NV_NVDLA_cmac_u_core_u_rt_out_out_rt_data2_d2_reg\[5\]/D 125.234/117.674
TIMING END POINT CHECK: u_NV_NVDLA_cmac_u_core_u_rt_out_out_rt_data2_d2_reg\[6\]/D 129.551/121.6
TIMING END POINT CHECK: u_NV_NVDLA_cmac_u_core_u_rt_out_out_rt_data2_d2_reg\[7\]/D 129.755/121.764
TIMING END POINT CHECK: u_NV_NVDLA_cmac_u_core_u_rt_out_out_rt_data2_d2_reg\[8\]/D 126.42/118.935
TIMING END POINT CHECK: u_NV_NVDLA_cmac_u_core_u_rt_out_out_rt_data2_d2_reg\[9\]/D 127.19/119.502
TIMING END POINT CHECK: u_NV_NVDLA_cmac_u_core_u_rt_out_out_rt_data3_d1_reg\[0\]/D 165.353/156.491
TIMING END POINT CHECK: u_NV_NVDLA_cmac_u_core_u_rt_out_out_rt_data3_d1_reg\[10\]/D 164.896/156.045
TIMING END POINT CHECK: u_NV_NVDLA_cmac_u_core_u_rt_out_out_rt_data3_d1_reg\[11\]/D 164.359/155.45
TIMING END POINT CHECK: u_NV_NVDLA_cmac_u_core_u_rt_out_out_rt_data3_d1_reg\[12\]/D 163.959/155.237
TIMING END POINT CHECK: u_NV_NVDLA_cmac_u_core_u_rt_out_out_rt_data3_d1_reg\[13\]/D 167.119/157.978
TIMING END POINT CHECK: u_NV_NVDLA_cmac_u_core_u_rt_out_out_rt_data3_d1_reg\[14\]/D 163.31/154.737
TIMING END POINT CHECK: u_NV_NVDLA_cmac_u_core_u_rt_out_out_rt_data3_d1_reg\[15\]/D 165.379/156.335
TIMING END POINT CHECK: u_NV_NVDLA_cmac_u_core_u_rt_out_out_rt_data3_d1_reg\[16\]/D 166.292/157.147
TIMING END POINT CHECK: u_NV_NVDLA_cmac_u_core_u_rt_out_out_rt_data3_d1_reg\[17\]/D 164.806/155.961
TIMING END POINT CHECK: u_NV_NVDLA_cmac_u_core_u_rt_out_out_rt_data3_d1_reg\[18\]/D 163.233/154.62
TIMING END POINT CHECK: u_NV_NVDLA_cmac_u_core_u_rt_out_out_rt_data3_d1_reg\[1\]/D 163.776/154.995
TIMING END POINT CHECK: u_NV_NVDLA_cmac_u_core_u_rt_out_out_rt_data3_d1_reg\[2\]/D 165.071/156.22
TIMING END POINT CHECK: u_NV_NVDLA_cmac_u_core_u_rt_out_out_rt_data3_d1_reg\[3\]/D 166.093/157.049
TIMING END POINT CHECK: u_NV_NVDLA_cmac_u_core_u_rt_out_out_rt_data3_d1_reg\[4\]/D 162.852/154.247
TIMING END POINT CHECK: u_NV_NVDLA_cmac_u_core_u_rt_out_out_rt_data3_d1_reg\[5\]/D 161.98/153.595
TIMING END POINT CHECK: u_NV_NVDLA_cmac_u_core_u_rt_out_out_rt_data3_d1_reg\[6\]/D 160.732/152.517
TIMING END POINT CHECK: u_NV_NVDLA_cmac_u_core_u_rt_out_out_rt_data3_d1_reg\[7\]/D 166.568/157.508
TIMING END POINT CHECK: u_NV_NVDLA_cmac_u_core_u_rt_out_out_rt_data3_d1_reg\[8\]/D 164.192/155.302
TIMING END POINT CHECK: u_NV_NVDLA_cmac_u_core_u_rt_out_out_rt_data3_d1_reg\[9\]/D 165.727/156.755
TIMING END POINT CHECK: u_NV_NVDLA_cmac_u_core_u_rt_out_out_rt_data3_d2_reg\[0\]/D 127.961/120.069
TIMING END POINT CHECK: u_NV_NVDLA_cmac_u_core_u_rt_out_out_rt_data3_d2_reg\[10\]/D 126.321/118.672
TIMING END POINT CHECK: u_NV_NVDLA_cmac_u_core_u_rt_out_out_rt_data3_d2_reg\[11\]/D 129.483/121.439
TIMING END POINT CHECK: u_NV_NVDLA_cmac_u_core_u_rt_out_out_rt_data3_d2_reg\[12\]/D 128.226/120.317
TIMING END POINT CHECK: u_NV_NVDLA_cmac_u_core_u_rt_out_out_rt_data3_d2_reg\[13\]/D 131.764/123.457
TIMING END POINT CHECK: u_NV_NVDLA_cmac_u_core_u_rt_out_out_rt_data3_d2_reg\[14\]/D 127.619/119.784
TIMING END POINT CHECK: u_NV_NVDLA_cmac_u_core_u_rt_out_out_rt_data3_d2_reg\[15\]/D 126.182/118.617
TIMING END POINT CHECK: u_NV_NVDLA_cmac_u_core_u_rt_out_out_rt_data3_d2_reg\[16\]/D 124.68/117.328
TIMING END POINT CHECK: u_NV_NVDLA_cmac_u_core_u_rt_out_out_rt_data3_d2_reg\[17\]/D 129.373/121.329
TIMING END POINT CHECK: u_NV_NVDLA_cmac_u_core_u_rt_out_out_rt_data3_d2_reg\[18\]/D 129.511/121.425
TIMING END POINT CHECK: u_NV_NVDLA_cmac_u_core_u_rt_out_out_rt_data3_d2_reg\[1\]/D 131.749/123.431
TIMING END POINT CHECK: u_NV_NVDLA_cmac_u_core_u_rt_out_out_rt_data3_d2_reg\[2\]/D 127.663/119.806
TIMING END POINT CHECK: u_NV_NVDLA_cmac_u_core_u_rt_out_out_rt_data3_d2_reg\[3\]/D 129.836/121.78
TIMING END POINT CHECK: u_NV_NVDLA_cmac_u_core_u_rt_out_out_rt_data3_d2_reg\[4\]/D 128.524/120.643
TIMING END POINT CHECK: u_NV_NVDLA_cmac_u_core_u_rt_out_out_rt_data3_d2_reg\[5\]/D 128.215/120.285
TIMING END POINT CHECK: u_NV_NVDLA_cmac_u_core_u_rt_out_out_rt_data3_d2_reg\[6\]/D 127.704/119.84
TIMING END POINT CHECK: u_NV_NVDLA_cmac_u_core_u_rt_out_out_rt_data3_d2_reg\[7\]/D 129.605/121.541
TIMING END POINT CHECK: u_NV_NVDLA_cmac_u_core_u_rt_out_out_rt_data3_d2_reg\[8\]/D 125.891/118.365
TIMING END POINT CHECK: u_NV_NVDLA_cmac_u_core_u_rt_out_out_rt_data3_d2_reg\[9\]/D 126.766/119.046
TIMING END POINT CHECK: u_NV_NVDLA_cmac_u_core_u_rt_out_out_rt_done_d1_reg/D 324.372/317.183
TIMING END POINT CHECK: u_NV_NVDLA_cmac_u_core_u_rt_out_out_rt_done_d1_reg/RESET 1.79769e+308/-165.78
TIMING END POINT CHECK: u_NV_NVDLA_cmac_u_core_u_rt_out_out_rt_done_d2_reg/D 339.982/338.113
TIMING END POINT CHECK: u_NV_NVDLA_cmac_u_core_u_rt_out_out_rt_done_d2_reg/RESET 1.79769e+308/-152.277
TIMING END POINT CHECK: u_NV_NVDLA_cmac_u_core_u_rt_out_out_rt_done_d3_reg/D 336.348/334.211
TIMING END POINT CHECK: u_NV_NVDLA_cmac_u_core_u_rt_out_out_rt_done_d3_reg/RESET 1.79769e+308/68.9717
TIMING END POINT CHECK: u_NV_NVDLA_cmac_u_core_u_rt_out_out_rt_mask_d1_reg\[0\]/D 177.993/171.493
TIMING END POINT CHECK: u_NV_NVDLA_cmac_u_core_u_rt_out_out_rt_mask_d1_reg\[0\]/RESET 1.79769e+308/-408.749
TIMING END POINT CHECK: u_NV_NVDLA_cmac_u_core_u_rt_out_out_rt_mask_d1_reg\[1\]/D 185.459/179.611
TIMING END POINT CHECK: u_NV_NVDLA_cmac_u_core_u_rt_out_out_rt_mask_d1_reg\[1\]/RESET 1.79769e+308/-132.609
TIMING END POINT CHECK: u_NV_NVDLA_cmac_u_core_u_rt_out_out_rt_mask_d1_reg\[2\]/D 180.602/174.16
TIMING END POINT CHECK: u_NV_NVDLA_cmac_u_core_u_rt_out_out_rt_mask_d1_reg\[2\]/RESET 1.79769e+308/-132.395
TIMING END POINT CHECK: u_NV_NVDLA_cmac_u_core_u_rt_out_out_rt_mask_d1_reg\[3\]/D 185.14/179.064
TIMING END POINT CHECK: u_NV_NVDLA_cmac_u_core_u_rt_out_out_rt_mask_d1_reg\[3\]/RESET 1.79769e+308/-405.717
TIMING END POINT CHECK: u_NV_NVDLA_cmac_u_core_u_rt_out_out_rt_mask_d2_reg\[0\]/D 126.573/111.827
TIMING END POINT CHECK: u_NV_NVDLA_cmac_u_core_u_rt_out_out_rt_mask_d2_reg\[0\]/RESET 1.79769e+308/-408.45
TIMING END POINT CHECK: u_NV_NVDLA_cmac_u_core_u_rt_out_out_rt_mask_d2_reg\[1\]/D 110.687/99.9198
TIMING END POINT CHECK: u_NV_NVDLA_cmac_u_core_u_rt_out_out_rt_mask_d2_reg\[1\]/RESET 1.79769e+308/295.143
TIMING END POINT CHECK: u_NV_NVDLA_cmac_u_core_u_rt_out_out_rt_mask_d2_reg\[2\]/D 148.909/139.567
TIMING END POINT CHECK: u_NV_NVDLA_cmac_u_core_u_rt_out_out_rt_mask_d2_reg\[2\]/RESET 1.79769e+308/-200.244
TIMING END POINT CHECK: u_NV_NVDLA_cmac_u_core_u_rt_out_out_rt_mask_d2_reg\[3\]/D 151.719/142.422
TIMING END POINT CHECK: u_NV_NVDLA_cmac_u_core_u_rt_out_out_rt_mask_d2_reg\[3\]/RESET 1.79769e+308/-132.418
TIMING END POINT CHECK: u_NV_NVDLA_cmac_u_core_u_rt_out_out_rt_pd_d1_reg\[0\]/D 260.965/253.613
TIMING END POINT CHECK: u_NV_NVDLA_cmac_u_core_u_rt_out_out_rt_pd_d1_reg\[0\]/RESET 1.79769e+308/-360.299
TIMING END POINT CHECK: u_NV_NVDLA_cmac_u_core_u_rt_out_out_rt_pd_d1_reg\[1\]/D 259.857/252.392
TIMING END POINT CHECK: u_NV_NVDLA_cmac_u_core_u_rt_out_out_rt_pd_d1_reg\[1\]/RESET 1.79769e+308/-195.444
TIMING END POINT CHECK: u_NV_NVDLA_cmac_u_core_u_rt_out_out_rt_pd_d1_reg\[2\]/D 258.852/251.201
TIMING END POINT CHECK: u_NV_NVDLA_cmac_u_core_u_rt_out_out_rt_pd_d1_reg\[2\]/RESET 1.79769e+308/-195.431
TIMING END POINT CHECK: u_NV_NVDLA_cmac_u_core_u_rt_out_out_rt_pd_d1_reg\[3\]/D 261.307/254.114
TIMING END POINT CHECK: u_NV_NVDLA_cmac_u_core_u_rt_out_out_rt_pd_d1_reg\[3\]/RESET 1.79769e+308/-195.758
TIMING END POINT CHECK: u_NV_NVDLA_cmac_u_core_u_rt_out_out_rt_pd_d1_reg\[4\]/D 259.452/251.81
TIMING END POINT CHECK: u_NV_NVDLA_cmac_u_core_u_rt_out_out_rt_pd_d1_reg\[4\]/RESET 1.79769e+308/-360.505
TIMING END POINT CHECK: u_NV_NVDLA_cmac_u_core_u_rt_out_out_rt_pd_d1_reg\[5\]/D 260.148/252.737
TIMING END POINT CHECK: u_NV_NVDLA_cmac_u_core_u_rt_out_out_rt_pd_d1_reg\[5\]/RESET 1.79769e+308/-194.581
TIMING END POINT CHECK: u_NV_NVDLA_cmac_u_core_u_rt_out_out_rt_pd_d1_reg\[6\]/D 260.608/253.191
TIMING END POINT CHECK: u_NV_NVDLA_cmac_u_core_u_rt_out_out_rt_pd_d1_reg\[6\]/RESET 1.79769e+308/-360.637
TIMING END POINT CHECK: u_NV_NVDLA_cmac_u_core_u_rt_out_out_rt_pd_d1_reg\[7\]/D 260.693/253.285
TIMING END POINT CHECK: u_NV_NVDLA_cmac_u_core_u_rt_out_out_rt_pd_d1_reg\[7\]/RESET 1.79769e+308/-178.082
TIMING END POINT CHECK: u_NV_NVDLA_cmac_u_core_u_rt_out_out_rt_pd_d1_reg\[8\]/D 260.432/260.766
TIMING END POINT CHECK: u_NV_NVDLA_cmac_u_core_u_rt_out_out_rt_pd_d1_reg\[8\]/RESET 1.79769e+308/-360.706
TIMING END POINT CHECK: u_NV_NVDLA_cmac_u_core_u_rt_out_out_rt_pd_d2_reg\[0\]/D 231.712/223.889
TIMING END POINT CHECK: u_NV_NVDLA_cmac_u_core_u_rt_out_out_rt_pd_d2_reg\[0\]/RESET 1.79769e+308/-359.7
TIMING END POINT CHECK: u_NV_NVDLA_cmac_u_core_u_rt_out_out_rt_pd_d2_reg\[1\]/D 230.453/222.358
TIMING END POINT CHECK: u_NV_NVDLA_cmac_u_core_u_rt_out_out_rt_pd_d2_reg\[1\]/RESET 1.79769e+308/-198.266
TIMING END POINT CHECK: u_NV_NVDLA_cmac_u_core_u_rt_out_out_rt_pd_d2_reg\[2\]/D 231.237/223.425
TIMING END POINT CHECK: u_NV_NVDLA_cmac_u_core_u_rt_out_out_rt_pd_d2_reg\[2\]/RESET 1.79769e+308/-199.699
TIMING END POINT CHECK: u_NV_NVDLA_cmac_u_core_u_rt_out_out_rt_pd_d2_reg\[3\]/D 230.817/222.873
TIMING END POINT CHECK: u_NV_NVDLA_cmac_u_core_u_rt_out_out_rt_pd_d2_reg\[3\]/RESET 1.79769e+308/-198.958
TIMING END POINT CHECK: u_NV_NVDLA_cmac_u_core_u_rt_out_out_rt_pd_d2_reg\[4\]/D 232.623/224.981
TIMING END POINT CHECK: u_NV_NVDLA_cmac_u_core_u_rt_out_out_rt_pd_d2_reg\[4\]/RESET 1.79769e+308/-173.346
TIMING END POINT CHECK: u_NV_NVDLA_cmac_u_core_u_rt_out_out_rt_pd_d2_reg\[5\]/D 230.979/223.139
TIMING END POINT CHECK: u_NV_NVDLA_cmac_u_core_u_rt_out_out_rt_pd_d2_reg\[5\]/RESET 1.79769e+308/-199.804
TIMING END POINT CHECK: u_NV_NVDLA_cmac_u_core_u_rt_out_out_rt_pd_d2_reg\[6\]/D 233.231/225.696
TIMING END POINT CHECK: u_NV_NVDLA_cmac_u_core_u_rt_out_out_rt_pd_d2_reg\[6\]/RESET 1.79769e+308/-363.331
TIMING END POINT CHECK: u_NV_NVDLA_cmac_u_core_u_rt_out_out_rt_pd_d2_reg\[7\]/D 230.388/222.362
TIMING END POINT CHECK: u_NV_NVDLA_cmac_u_core_u_rt_out_out_rt_pd_d2_reg\[7\]/RESET 1.79769e+308/-395.157
TIMING END POINT CHECK: u_NV_NVDLA_cmac_u_core_u_rt_out_out_rt_pd_d2_reg\[8\]/D 233.736/226.3
TIMING END POINT CHECK: u_NV_NVDLA_cmac_u_core_u_rt_out_out_rt_pd_d2_reg\[8\]/RESET 1.79769e+308/-365.625
TIMING END POINT CHECK: u_NV_NVDLA_cmac_u_core_u_rt_out_out_rt_pvld_d1_reg/D 281.781/278.675
TIMING END POINT CHECK: u_NV_NVDLA_cmac_u_core_u_rt_out_out_rt_pvld_d1_reg/RESET 1.79769e+308/-195.468
TIMING END POINT CHECK: u_NV_NVDLA_cmac_u_core_u_rt_out_out_rt_pvld_d2_reg/D 252.858/249.042
TIMING END POINT CHECK: u_NV_NVDLA_cmac_u_core_u_rt_out_out_rt_pvld_d2_reg/RESET 1.79769e+308/-200.253
TIMING END POINT CHECK: u_NV_NVDLA_cmac_u_reg_cmac_a2csb_resp_pd_reg\[0\]/D 157.453/154.114
TIMING END POINT CHECK: u_NV_NVDLA_cmac_u_reg_cmac_a2csb_resp_pd_reg\[0\]/RESET 1.79769e+308/78.1842
TIMING END POINT CHECK: u_NV_NVDLA_cmac_u_reg_cmac_a2csb_resp_pd_reg\[12\]/D 181.98/149.23
TIMING END POINT CHECK: u_NV_NVDLA_cmac_u_reg_cmac_a2csb_resp_pd_reg\[12\]/RESET 1.79769e+308/-112.932
TIMING END POINT CHECK: u_NV_NVDLA_cmac_u_reg_cmac_a2csb_resp_pd_reg\[13\]/D 183.084/150.282
TIMING END POINT CHECK: u_NV_NVDLA_cmac_u_reg_cmac_a2csb_resp_pd_reg\[13\]/RESET 1.79769e+308/-112.942
TIMING END POINT CHECK: u_NV_NVDLA_cmac_u_reg_cmac_a2csb_resp_pd_reg\[16\]/D 193.612/177.743
TIMING END POINT CHECK: u_NV_NVDLA_cmac_u_reg_cmac_a2csb_resp_pd_reg\[16\]/RESET 1.79769e+308/79.4755
TIMING END POINT CHECK: u_NV_NVDLA_cmac_u_reg_cmac_a2csb_resp_pd_reg\[17\]/D 190.899/185.95
TIMING END POINT CHECK: u_NV_NVDLA_cmac_u_reg_cmac_a2csb_resp_pd_reg\[17\]/RESET 1.79769e+308/79.0038
TIMING END POINT CHECK: u_NV_NVDLA_cmac_u_reg_cmac_a2csb_resp_pd_reg\[1\]/D 203.938/205.097
TIMING END POINT CHECK: u_NV_NVDLA_cmac_u_reg_cmac_a2csb_resp_pd_reg\[1\]/RESET 1.79769e+308/69.7284
TIMING END POINT CHECK: u_NV_NVDLA_cmac_u_reg_cmac_a2csb_resp_pd_reg\[33\]/D 277.414/281.655
TIMING END POINT CHECK: u_NV_NVDLA_cmac_u_reg_cmac_a2csb_resp_pd_reg\[33\]/RESET 1.79769e+308/67.6632
TIMING END POINT CHECK: u_NV_NVDLA_cmac_u_reg_cmac_a2csb_resp_valid_reg/D 228.365/233.739
TIMING END POINT CHECK: u_NV_NVDLA_cmac_u_reg_cmac_a2csb_resp_valid_reg/RESET 1.79769e+308/-129.029
TIMING END POINT CHECK: u_NV_NVDLA_cmac_u_reg_dp2reg_consumer_reg/D 305.958/307.989
TIMING END POINT CHECK: u_NV_NVDLA_cmac_u_reg_dp2reg_consumer_reg/RESET 1.79769e+308/70.5832
TIMING END POINT CHECK: u_NV_NVDLA_cmac_u_reg_reg2dp_d0_op_en_reg/D 222.503/205.848
TIMING END POINT CHECK: u_NV_NVDLA_cmac_u_reg_reg2dp_d0_op_en_reg/RESET 1.79769e+308/73.223
TIMING END POINT CHECK: u_NV_NVDLA_cmac_u_reg_reg2dp_d1_op_en_reg/D 224.655/209.128
TIMING END POINT CHECK: u_NV_NVDLA_cmac_u_reg_reg2dp_d1_op_en_reg/RESET 1.79769e+308/78.1218
TIMING END POINT CHECK: u_NV_NVDLA_cmac_u_reg_req_pd_reg\[0\]/D 322.853/319.539
TIMING END POINT CHECK: u_NV_NVDLA_cmac_u_reg_req_pd_reg\[0\]/RESET 1.79769e+308/67.0896
TIMING END POINT CHECK: u_NV_NVDLA_cmac_u_reg_req_pd_reg\[1\]/D 305.765/302.615
TIMING END POINT CHECK: u_NV_NVDLA_cmac_u_reg_req_pd_reg\[1\]/RESET 1.79769e+308/288.74
TIMING END POINT CHECK: u_NV_NVDLA_cmac_u_reg_req_pd_reg\[22\]/D 323.603/320.216
TIMING END POINT CHECK: u_NV_NVDLA_cmac_u_reg_req_pd_reg\[22\]/RESET 1.79769e+308/71.1586
TIMING END POINT CHECK: u_NV_NVDLA_cmac_u_reg_req_pd_reg\[2\]/D 335.993/332.046
TIMING END POINT CHECK: u_NV_NVDLA_cmac_u_reg_req_pd_reg\[2\]/RESET 1.79769e+308/-152.136
TIMING END POINT CHECK: u_NV_NVDLA_cmac_u_reg_req_pd_reg\[34\]/D 329.397/325.918
TIMING END POINT CHECK: u_NV_NVDLA_cmac_u_reg_req_pd_reg\[34\]/RESET 1.79769e+308/68.2145
TIMING END POINT CHECK: u_NV_NVDLA_cmac_u_reg_req_pd_reg\[35\]/D 329.714/326.219
TIMING END POINT CHECK: u_NV_NVDLA_cmac_u_reg_req_pd_reg\[35\]/RESET 1.79769e+308/78.054
TIMING END POINT CHECK: u_NV_NVDLA_cmac_u_reg_req_pd_reg\[3\]/D 334.808/330.917
TIMING END POINT CHECK: u_NV_NVDLA_cmac_u_reg_req_pd_reg\[3\]/RESET 1.79769e+308/-152.383
TIMING END POINT CHECK: u_NV_NVDLA_cmac_u_reg_req_pd_reg\[4\]/D 335.122/331.272
TIMING END POINT CHECK: u_NV_NVDLA_cmac_u_reg_req_pd_reg\[4\]/RESET 1.79769e+308/-152.099
TIMING END POINT CHECK: u_NV_NVDLA_cmac_u_reg_req_pd_reg\[54\]/D 318.881/315.742
TIMING END POINT CHECK: u_NV_NVDLA_cmac_u_reg_req_pd_reg\[54\]/RESET 1.79769e+308/70.8516
TIMING END POINT CHECK: u_NV_NVDLA_cmac_u_reg_req_pd_reg\[55\]/D 326.071/322.667
TIMING END POINT CHECK: u_NV_NVDLA_cmac_u_reg_req_pd_reg\[55\]/RESET 1.79769e+308/83.0617
TIMING END POINT CHECK: u_NV_NVDLA_cmac_u_reg_req_pd_reg\[5\]/D 335.371/331.506
TIMING END POINT CHECK: u_NV_NVDLA_cmac_u_reg_req_pd_reg\[5\]/RESET 1.79769e+308/-151.08
TIMING END POINT CHECK: u_NV_NVDLA_cmac_u_reg_req_pd_reg\[6\]/D 335.111/331.201
TIMING END POINT CHECK: u_NV_NVDLA_cmac_u_reg_req_pd_reg\[6\]/RESET 1.79769e+308/-151.017
TIMING END POINT CHECK: u_NV_NVDLA_cmac_u_reg_req_pd_reg\[7\]/D 333.835/330.086
TIMING END POINT CHECK: u_NV_NVDLA_cmac_u_reg_req_pd_reg\[7\]/RESET 1.79769e+308/291.83
TIMING END POINT CHECK: u_NV_NVDLA_cmac_u_reg_req_pd_reg\[8\]/D 333.709/329.881
TIMING END POINT CHECK: u_NV_NVDLA_cmac_u_reg_req_pd_reg\[8\]/RESET 1.79769e+308/293.458
TIMING END POINT CHECK: u_NV_NVDLA_cmac_u_reg_req_pd_reg\[9\]/D 333.896/330.094
TIMING END POINT CHECK: u_NV_NVDLA_cmac_u_reg_req_pd_reg\[9\]/RESET 1.79769e+308/-151.931
TIMING END POINT CHECK: u_NV_NVDLA_cmac_u_reg_req_pvld_reg/D 1.79769e+308/1.79769e+308
TIMING END POINT CHECK: u_NV_NVDLA_cmac_u_reg_req_pvld_reg/RESET 1.79769e+308/68.9725
TIMING END POINT CHECK: u_NV_NVDLA_cmac_u_reg_u_dual_reg_d0_conv_mode_reg/D 146.171/116.089
TIMING END POINT CHECK: u_NV_NVDLA_cmac_u_reg_u_dual_reg_d0_conv_mode_reg/RESET 1.79769e+308/78.2049
TIMING END POINT CHECK: u_NV_NVDLA_cmac_u_reg_u_dual_reg_d0_proc_precision_reg\[0\]/D 146.086/115.827
TIMING END POINT CHECK: u_NV_NVDLA_cmac_u_reg_u_dual_reg_d0_proc_precision_reg\[0\]/SET 1.79769e+308/-20.5137
TIMING END POINT CHECK: u_NV_NVDLA_cmac_u_reg_u_dual_reg_d0_proc_precision_reg\[1\]/D 147.861/117.621
TIMING END POINT CHECK: u_NV_NVDLA_cmac_u_reg_u_dual_reg_d0_proc_precision_reg\[1\]/RESET 1.79769e+308/78.1578
TIMING END POINT CHECK: u_NV_NVDLA_cmac_u_reg_u_dual_reg_d1_conv_mode_reg/D 147.895/120.056
TIMING END POINT CHECK: u_NV_NVDLA_cmac_u_reg_u_dual_reg_d1_conv_mode_reg/RESET 1.79769e+308/78.1264
TIMING END POINT CHECK: u_NV_NVDLA_cmac_u_reg_u_dual_reg_d1_proc_precision_reg\[0\]/D 148.348/123.9
TIMING END POINT CHECK: u_NV_NVDLA_cmac_u_reg_u_dual_reg_d1_proc_precision_reg\[0\]/SET 1.79769e+308/-20.5161
TIMING END POINT CHECK: u_NV_NVDLA_cmac_u_reg_u_dual_reg_d1_proc_precision_reg\[1\]/D 148.891/124.416
TIMING END POINT CHECK: u_NV_NVDLA_cmac_u_reg_u_dual_reg_d1_proc_precision_reg\[1\]/RESET 1.79769e+308/78.223
TIMING END POINT CHECK: u_NV_NVDLA_cmac_u_reg_u_single_reg_producer_reg/D 185.395/155.14
TIMING END POINT CHECK: u_NV_NVDLA_cmac_u_reg_u_single_reg_producer_reg/RESET 1.79769e+308/74.8725
TIMING END POINT CHECK: u_partition_m_reset_sync_reset_synced_rstn_NV_GENERIC_CELL_d0_reg/D 1.79769e+308/1.79769e+308
TIMING END POINT CHECK: u_partition_m_reset_sync_reset_synced_rstn_NV_GENERIC_CELL_d0_reg/RESET 1.79769e+308/1.79769e+308
TIMING END POINT CHECK: u_partition_m_reset_sync_reset_synced_rstn_NV_GENERIC_CELL_q_reg/D 342.865/341.014
TIMING END POINT CHECK: u_partition_m_reset_sync_reset_synced_rstn_NV_GENERIC_CELL_q_reg/RESET 1.79769e+308/1.79769e+308
TIMING END POINT CHECK: u_NV_NVDLA_cmac_u_core_u_rt_out_out_rt_done_d1_reg/RESET 1.79769e+308/-165.78
TIMING END POINT CHECK: u_NV_NVDLA_cmac_u_core_u_rt_out_out_rt_done_d2_reg/D 339.982/338.113
TIMING END POINT CHECK: u_NV_NVDLA_cmac_u_core_u_rt_out_out_rt_done_d2_reg/RESET 1.79769e+308/-152.277
TIMING END POINT CHECK: u_NV_NVDLA_cmac_u_core_u_rt_out_out_rt_done_d3_reg/D 336.348/334.211
TIMING END POINT CHECK: u_NV_NVDLA_cmac_u_core_u_rt_out_out_rt_done_d3_reg/RESET 1.79769e+308/68.9717
TIMING END POINT CHECK: u_NV_NVDLA_cmac_u_core_u_rt_out_out_rt_mask_d1_reg\[0\]/D 177.993/171.493
TIMING END POINT CHECK: u_NV_NVDLA_cmac_u_core_u_rt_out_out_rt_mask_d1_reg\[0\]/RESET 1.79769e+308/-408.749
TIMING END POINT CHECK: u_NV_NVDLA_cmac_u_core_u_rt_out_out_rt_mask_d1_reg\[1\]/D 185.459/179.611
TIMING END POINT CHECK: u_NV_NVDLA_cmac_u_core_u_rt_out_out_rt_mask_d1_reg\[1\]/RESET 1.79769e+308/-132.609
TIMING END POINT CHECK: u_NV_NVDLA_cmac_u_core_u_rt_out_out_rt_mask_d1_reg\[2\]/D 180.602/174.16
TIMING END POINT CHECK: u_NV_NVDLA_cmac_u_core_u_rt_out_out_rt_mask_d1_reg\[2\]/RESET 1.79769e+308/-132.395
TIMING END POINT CHECK: u_NV_NVDLA_cmac_u_core_u_rt_out_out_rt_mask_d1_reg\[3\]/D 185.14/179.064
TIMING END POINT CHECK: u_NV_NVDLA_cmac_u_core_u_rt_out_out_rt_mask_d1_reg\[3\]/RESET 1.79769e+308/-405.717
TIMING END POINT CHECK: u_NV_NVDLA_cmac_u_core_u_rt_out_out_rt_mask_d2_reg\[0\]/D 126.573/111.827
TIMING END POINT CHECK: u_NV_NVDLA_cmac_u_core_u_rt_out_out_rt_mask_d2_reg\[0\]/RESET 1.79769e+308/-408.45
TIMING END POINT CHECK: u_NV_NVDLA_cmac_u_core_u_rt_out_out_rt_mask_d2_reg\[1\]/D 110.687/99.9198
TIMING END POINT CHECK: u_NV_NVDLA_cmac_u_core_u_rt_out_out_rt_mask_d2_reg\[1\]/RESET 1.79769e+308/295.143
TIMING END POINT CHECK: u_NV_NVDLA_cmac_u_core_u_rt_out_out_rt_mask_d2_reg\[2\]/D 148.909/139.567
TIMING END POINT CHECK: u_NV_NVDLA_cmac_u_core_u_rt_out_out_rt_mask_d2_reg\[2\]/RESET 1.79769e+308/-200.244
TIMING END POINT CHECK: u_NV_NVDLA_cmac_u_core_u_rt_out_out_rt_mask_d2_reg\[3\]/D 151.719/142.422
TIMING END POINT CHECK: u_NV_NVDLA_cmac_u_core_u_rt_out_out_rt_mask_d2_reg\[3\]/RESET 1.79769e+308/-132.418
TIMING END POINT CHECK: u_NV_NVDLA_cmac_u_core_u_rt_out_out_rt_pd_d1_reg\[0\]/D 260.965/253.613
TIMING END POINT CHECK: u_NV_NVDLA_cmac_u_core_u_rt_out_out_rt_pd_d1_reg\[0\]/RESET 1.79769e+308/-360.299
TIMING END POINT CHECK: u_NV_NVDLA_cmac_u_core_u_rt_out_out_rt_pd_d1_reg\[1\]/D 259.857/252.392
TIMING END POINT CHECK: u_NV_NVDLA_cmac_u_core_u_rt_out_out_rt_pd_d1_reg\[1\]/RESET 1.79769e+308/-195.444
TIMING END POINT CHECK: u_NV_NVDLA_cmac_u_core_u_rt_out_out_rt_pd_d1_reg\[2\]/D 258.852/251.201
TIMING END POINT CHECK: u_NV_NVDLA_cmac_u_core_u_rt_out_out_rt_pd_d1_reg\[2\]/RESET 1.79769e+308/-195.431
TIMING END POINT CHECK: u_NV_NVDLA_cmac_u_core_u_rt_out_out_rt_pd_d1_reg\[3\]/D 261.307/254.114
TIMING END POINT CHECK: u_NV_NVDLA_cmac_u_core_u_rt_out_out_rt_pd_d1_reg\[3\]/RESET 1.79769e+308/-195.758
TIMING END POINT CHECK: u_NV_NVDLA_cmac_u_core_u_rt_out_out_rt_pd_d1_reg\[4\]/D 259.452/251.81
TIMING END POINT CHECK: u_NV_NVDLA_cmac_u_core_u_rt_out_out_rt_pd_d1_reg\[4\]/RESET 1.79769e+308/-360.505
TIMING END POINT CHECK: u_NV_NVDLA_cmac_u_core_u_rt_out_out_rt_pd_d1_reg\[5\]/D 260.148/252.737
TIMING END POINT CHECK: u_NV_NVDLA_cmac_u_core_u_rt_out_out_rt_pd_d1_reg\[5\]/RESET 1.79769e+308/-194.581
TIMING END POINT CHECK: u_NV_NVDLA_cmac_u_core_u_rt_out_out_rt_pd_d1_reg\[6\]/D 260.608/253.191
TIMING END POINT CHECK: u_NV_NVDLA_cmac_u_core_u_rt_out_out_rt_pd_d1_reg\[6\]/RESET 1.79769e+308/-360.637
TIMING END POINT CHECK: u_NV_NVDLA_cmac_u_core_u_rt_out_out_rt_pd_d1_reg\[7\]/D 260.693/253.285
TIMING END POINT CHECK: u_NV_NVDLA_cmac_u_core_u_rt_out_out_rt_pd_d1_reg\[7\]/RESET 1.79769e+308/-178.082
TIMING END POINT CHECK: u_NV_NVDLA_cmac_u_core_u_rt_out_out_rt_pd_d1_reg\[8\]/D 260.432/260.766
TIMING END POINT CHECK: u_NV_NVDLA_cmac_u_core_u_rt_out_out_rt_pd_d1_reg\[8\]/RESET 1.79769e+308/-360.706
TIMING END POINT CHECK: u_NV_NVDLA_cmac_u_core_u_rt_out_out_rt_pd_d2_reg\[0\]/D 231.712/223.889
TIMING END POINT CHECK: u_NV_NVDLA_cmac_u_core_u_rt_out_out_rt_pd_d2_reg\[0\]/RESET 1.79769e+308/-359.7
TIMING END POINT CHECK: u_NV_NVDLA_cmac_u_core_u_rt_out_out_rt_pd_d2_reg\[1\]/D 230.453/222.358
TIMING END POINT CHECK: u_NV_NVDLA_cmac_u_core_u_rt_out_out_rt_pd_d2_reg\[1\]/RESET 1.79769e+308/-198.266
TIMING END POINT CHECK: u_NV_NVDLA_cmac_u_core_u_rt_out_out_rt_pd_d2_reg\[2\]/D 231.237/223.425
TIMING END POINT CHECK: u_NV_NVDLA_cmac_u_core_u_rt_out_out_rt_pd_d2_reg\[2\]/RESET 1.79769e+308/-199.699
TIMING END POINT CHECK: u_NV_NVDLA_cmac_u_core_u_rt_out_out_rt_pd_d2_reg\[3\]/D 230.817/222.873
TIMING END POINT CHECK: u_NV_NVDLA_cmac_u_core_u_rt_out_out_rt_pd_d2_reg\[3\]/RESET 1.79769e+308/-198.958
TIMING END POINT CHECK: u_NV_NVDLA_cmac_u_core_u_rt_out_out_rt_pd_d2_reg\[4\]/D 232.623/224.981
TIMING END POINT CHECK: u_NV_NVDLA_cmac_u_core_u_rt_out_out_rt_pd_d2_reg\[4\]/RESET 1.79769e+308/-173.346
TIMING END POINT CHECK: u_NV_NVDLA_cmac_u_core_u_rt_out_out_rt_pd_d2_reg\[5\]/D 230.979/223.139
TIMING END POINT CHECK: u_NV_NVDLA_cmac_u_core_u_rt_out_out_rt_pd_d2_reg\[5\]/RESET 1.79769e+308/-199.804
TIMING END POINT CHECK: u_NV_NVDLA_cmac_u_core_u_rt_out_out_rt_pd_d2_reg\[6\]/D 233.231/225.696
TIMING END POINT CHECK: u_NV_NVDLA_cmac_u_core_u_rt_out_out_rt_pd_d2_reg\[6\]/RESET 1.79769e+308/-363.331
TIMING END POINT CHECK: u_NV_NVDLA_cmac_u_core_u_rt_out_out_rt_pd_d2_reg\[7\]/D 230.388/222.362
TIMING END POINT CHECK: u_NV_NVDLA_cmac_u_core_u_rt_out_out_rt_pd_d2_reg\[7\]/RESET 1.79769e+308/-395.157
TIMING END POINT CHECK: u_NV_NVDLA_cmac_u_core_u_rt_out_out_rt_pd_d2_reg\[8\]/D 233.736/226.3
TIMING END POINT CHECK: u_NV_NVDLA_cmac_u_core_u_rt_out_out_rt_pd_d2_reg\[8\]/RESET 1.79769e+308/-365.625
TIMING END POINT CHECK: u_NV_NVDLA_cmac_u_core_u_rt_out_out_rt_pvld_d1_reg/D 281.781/278.675
TIMING END POINT CHECK: u_NV_NVDLA_cmac_u_core_u_rt_out_out_rt_pvld_d1_reg/RESET 1.79769e+308/-195.468
TIMING END POINT CHECK: u_NV_NVDLA_cmac_u_core_u_rt_out_out_rt_pvld_d2_reg/D 252.858/249.042
TIMING END POINT CHECK: u_NV_NVDLA_cmac_u_core_u_rt_out_out_rt_pvld_d2_reg/RESET 1.79769e+308/-200.253
TIMING END POINT CHECK: u_NV_NVDLA_cmac_u_reg_cmac_a2csb_resp_pd_reg\[0\]/D 157.453/154.114
TIMING END POINT CHECK: u_NV_NVDLA_cmac_u_reg_cmac_a2csb_resp_pd_reg\[0\]/RESET 1.79769e+308/78.1842
TIMING END POINT CHECK: u_NV_NVDLA_cmac_u_reg_cmac_a2csb_resp_pd_reg\[12\]/D 181.98/149.23
TIMING END POINT CHECK: u_NV_NVDLA_cmac_u_reg_cmac_a2csb_resp_pd_reg\[12\]/RESET 1.79769e+308/-112.932
TIMING END POINT CHECK: u_NV_NVDLA_cmac_u_reg_cmac_a2csb_resp_pd_reg\[13\]/D 183.084/150.282
TIMING END POINT CHECK: u_NV_NVDLA_cmac_u_reg_cmac_a2csb_resp_pd_reg\[13\]/RESET 1.79769e+308/-112.942
TIMING END POINT CHECK: u_NV_NVDLA_cmac_u_reg_cmac_a2csb_resp_pd_reg\[16\]/D 193.612/177.743
TIMING END POINT CHECK: u_NV_NVDLA_cmac_u_reg_cmac_a2csb_resp_pd_reg\[16\]/RESET 1.79769e+308/79.4755
TIMING END POINT CHECK: u_NV_NVDLA_cmac_u_reg_cmac_a2csb_resp_pd_reg\[17\]/D 190.899/185.95
TIMING END POINT CHECK: u_NV_NVDLA_cmac_u_reg_cmac_a2csb_resp_pd_reg\[17\]/RESET 1.79769e+308/79.0038
TIMING END POINT CHECK: u_NV_NVDLA_cmac_u_reg_cmac_a2csb_resp_pd_reg\[1\]/D 203.938/205.097
TIMING END POINT CHECK: u_NV_NVDLA_cmac_u_reg_cmac_a2csb_resp_pd_reg\[1\]/RESET 1.79769e+308/69.7284
TIMING END POINT CHECK: u_NV_NVDLA_cmac_u_reg_cmac_a2csb_resp_pd_reg\[33\]/D 277.414/281.655
TIMING END POINT CHECK: u_NV_NVDLA_cmac_u_reg_cmac_a2csb_resp_pd_reg\[33\]/RESET 1.79769e+308/67.6632
TIMING END POINT CHECK: u_NV_NVDLA_cmac_u_reg_cmac_a2csb_resp_valid_reg/D 228.365/233.739
TIMING END POINT CHECK: u_NV_NVDLA_cmac_u_reg_cmac_a2csb_resp_valid_reg/RESET 1.79769e+308/-129.029
TIMING END POINT CHECK: u_NV_NVDLA_cmac_u_reg_dp2reg_consumer_reg/D 305.958/307.989
TIMING END POINT CHECK: u_NV_NVDLA_cmac_u_reg_dp2reg_consumer_reg/RESET 1.79769e+308/70.5832
TIMING END POINT CHECK: u_NV_NVDLA_cmac_u_reg_reg2dp_d0_op_en_reg/D 222.503/205.848
TIMING END POINT CHECK: u_NV_NVDLA_cmac_u_reg_reg2dp_d0_op_en_reg/RESET 1.79769e+308/73.223
TIMING END POINT CHECK: u_NV_NVDLA_cmac_u_reg_reg2dp_d1_op_en_reg/D 224.655/209.128
TIMING END POINT CHECK: u_NV_NVDLA_cmac_u_reg_reg2dp_d1_op_en_reg/RESET 1.79769e+308/78.1218
TIMING END POINT CHECK: u_NV_NVDLA_cmac_u_reg_req_pd_reg\[0\]/D 322.853/319.539
TIMING END POINT CHECK: u_NV_NVDLA_cmac_u_reg_req_pd_reg\[0\]/RESET 1.79769e+308/67.0896
TIMING END POINT CHECK: u_NV_NVDLA_cmac_u_reg_req_pd_reg\[1\]/D 305.765/302.615
TIMING END POINT CHECK: u_NV_NVDLA_cmac_u_reg_req_pd_reg\[1\]/RESET 1.79769e+308/288.74
TIMING END POINT CHECK: u_NV_NVDLA_cmac_u_reg_req_pd_reg\[22\]/D 323.603/320.216
TIMING END POINT CHECK: u_NV_NVDLA_cmac_u_reg_req_pd_reg\[22\]/RESET 1.79769e+308/71.1586
TIMING END POINT CHECK: u_NV_NVDLA_cmac_u_reg_req_pd_reg\[2\]/D 335.993/332.046
TIMING END POINT CHECK: u_NV_NVDLA_cmac_u_reg_req_pd_reg\[2\]/RESET 1.79769e+308/-152.136
TIMING END POINT CHECK: u_NV_NVDLA_cmac_u_reg_req_pd_reg\[34\]/D 329.397/325.918
TIMING END POINT CHECK: u_NV_NVDLA_cmac_u_reg_req_pd_reg\[34\]/RESET 1.79769e+308/68.2145
TIMING END POINT CHECK: u_NV_NVDLA_cmac_u_reg_req_pd_reg\[35\]/D 329.714/326.219
TIMING END POINT CHECK: u_NV_NVDLA_cmac_u_reg_req_pd_reg\[35\]/RESET 1.79769e+308/78.054
TIMING END POINT CHECK: u_NV_NVDLA_cmac_u_reg_req_pd_reg\[3\]/D 334.808/330.917
TIMING END POINT CHECK: u_NV_NVDLA_cmac_u_reg_req_pd_reg\[3\]/RESET 1.79769e+308/-152.383
TIMING END POINT CHECK: u_NV_NVDLA_cmac_u_reg_req_pd_reg\[4\]/D 335.122/331.272
TIMING END POINT CHECK: u_NV_NVDLA_cmac_u_reg_req_pd_reg\[4\]/RESET 1.79769e+308/-152.099
TIMING END POINT CHECK: u_NV_NVDLA_cmac_u_reg_req_pd_reg\[54\]/D 318.881/315.742
TIMING END POINT CHECK: u_NV_NVDLA_cmac_u_reg_req_pd_reg\[54\]/RESET 1.79769e+308/70.8516
TIMING END POINT CHECK: u_NV_NVDLA_cmac_u_reg_req_pd_reg\[55\]/D 326.071/322.667
TIMING END POINT CHECK: u_NV_NVDLA_cmac_u_reg_req_pd_reg\[55\]/RESET 1.79769e+308/83.0617
TIMING END POINT CHECK: u_NV_NVDLA_cmac_u_reg_req_pd_reg\[5\]/D 335.371/331.506
TIMING END POINT CHECK: u_NV_NVDLA_cmac_u_reg_req_pd_reg\[5\]/RESET 1.79769e+308/-151.08
TIMING END POINT CHECK: u_NV_NVDLA_cmac_u_reg_req_pd_reg\[6\]/D 335.111/331.201
TIMING END POINT CHECK: u_NV_NVDLA_cmac_u_reg_req_pd_reg\[6\]/RESET 1.79769e+308/-151.017
TIMING END POINT CHECK: u_NV_NVDLA_cmac_u_reg_req_pd_reg\[7\]/D 333.835/330.086
TIMING END POINT CHECK: u_NV_NVDLA_cmac_u_reg_req_pd_reg\[7\]/RESET 1.79769e+308/291.83
TIMING END POINT CHECK: u_NV_NVDLA_cmac_u_reg_req_pd_reg\[8\]/D 333.709/329.881
TIMING END POINT CHECK: u_NV_NVDLA_cmac_u_reg_req_pd_reg\[8\]/RESET 1.79769e+308/293.458
TIMING END POINT CHECK: u_NV_NVDLA_cmac_u_reg_req_pd_reg\[9\]/D 333.896/330.094
TIMING END POINT CHECK: u_NV_NVDLA_cmac_u_reg_req_pd_reg\[9\]/RESET 1.79769e+308/-151.931
TIMING END POINT CHECK: u_NV_NVDLA_cmac_u_reg_req_pvld_reg/D 1.79769e+308/1.79769e+308
TIMING END POINT CHECK: u_NV_NVDLA_cmac_u_reg_req_pvld_reg/RESET 1.79769e+308/68.9725
TIMING END POINT CHECK: u_NV_NVDLA_cmac_u_reg_u_dual_reg_d0_conv_mode_reg/D 146.171/116.089
TIMING END POINT CHECK: u_NV_NVDLA_cmac_u_reg_u_dual_reg_d0_conv_mode_reg/RESET 1.79769e+308/78.2049
TIMING END POINT CHECK: u_NV_NVDLA_cmac_u_reg_u_dual_reg_d0_proc_precision_reg\[0\]/D 146.086/115.827
TIMING END POINT CHECK: u_NV_NVDLA_cmac_u_reg_u_dual_reg_d0_proc_precision_reg\[0\]/SET 1.79769e+308/-20.5137
TIMING END POINT CHECK: u_NV_NVDLA_cmac_u_reg_u_dual_reg_d0_proc_precision_reg\[1\]/D 147.861/117.621
TIMING END POINT CHECK: u_NV_NVDLA_cmac_u_reg_u_dual_reg_d0_proc_precision_reg\[1\]/RESET 1.79769e+308/78.1578
TIMING END POINT CHECK: u_NV_NVDLA_cmac_u_reg_u_dual_reg_d1_conv_mode_reg/D 147.895/120.056
TIMING END POINT CHECK: u_NV_NVDLA_cmac_u_reg_u_dual_reg_d1_conv_mode_reg/RESET 1.79769e+308/78.1264
TIMING END POINT CHECK: u_NV_NVDLA_cmac_u_reg_u_dual_reg_d1_proc_precision_reg\[0\]/D 148.348/123.9
TIMING END POINT CHECK: u_NV_NVDLA_cmac_u_reg_u_dual_reg_d1_proc_precision_reg\[0\]/SET 1.79769e+308/-20.5161
TIMING END POINT CHECK: u_NV_NVDLA_cmac_u_reg_u_dual_reg_d1_proc_precision_reg\[1\]/D 148.891/124.416
TIMING END POINT CHECK: u_NV_NVDLA_cmac_u_reg_u_dual_reg_d1_proc_precision_reg\[1\]/RESET 1.79769e+308/78.223
TIMING END POINT CHECK: u_NV_NVDLA_cmac_u_reg_u_single_reg_producer_reg/D 185.395/155.14
TIMING END POINT CHECK: u_NV_NVDLA_cmac_u_reg_u_single_reg_producer_reg/RESET 1.79769e+308/74.8725
TIMING END POINT CHECK: u_partition_m_reset_sync_reset_synced_rstn_NV_GENERIC_CELL_d0_reg/D 1.79769e+308/1.79769e+308
TIMING END POINT CHECK: u_partition_m_reset_sync_reset_synced_rstn_NV_GENERIC_CELL_d0_reg/RESET 1.79769e+308/1.79769e+308
TIMING END POINT CHECK: u_partition_m_reset_sync_reset_synced_rstn_NV_GENERIC_CELL_q_reg/D 342.865/341.014
TIMING END POINT CHECK: u_partition_m_reset_sync_reset_synced_rstn_NV_GENERIC_CELL_q_reg/RESET 1.79769e+308/1.79769e+308